Started GET "/" for 127.0.0.1 at 2023-06-11 15:54:04 +0800
Processing by Rails::WelcomeController#index as HTML
  Rendering /home/dv8/.rbenv/versions/3.1.2/lib/ruby/gems/3.1.0/gems/railties-7.0.5/lib/rails/templates/rails/welcome/index.html.erb
  Rendered /home/dv8/.rbenv/versions/3.1.2/lib/ruby/gems/3.1.0/gems/railties-7.0.5/lib/rails/templates/rails/welcome/index.html.erb (Duration: 3.2ms | Allocations: 636)
Completed 200 OK in 33ms (Views: 11.2ms | ActiveRecord: 0.0ms | Allocations: 7109)


Started GET "/" for 127.0.0.1 at 2023-06-11 15:55:35 +0800
Processing by Rails::WelcomeController#index as HTML
  Rendering /home/dv8/.rbenv/versions/3.1.2/lib/ruby/gems/3.1.0/gems/railties-7.0.5/lib/rails/templates/rails/welcome/index.html.erb
  Rendered /home/dv8/.rbenv/versions/3.1.2/lib/ruby/gems/3.1.0/gems/railties-7.0.5/lib/rails/templates/rails/welcome/index.html.erb (Duration: 2.0ms | Allocations: 528)
Completed 200 OK in 20ms (Views: 6.8ms | ActiveRecord: 0.0ms | Allocations: 4494)


  [1m[35m (4.4ms)[0m  [1m[35mCREATE TABLE "schema_migrations" ("version" varchar NOT NULL PRIMARY KEY)[0m
  [1m[35m (3.7ms)[0m  [1m[35mCREATE TABLE "ar_internal_metadata" ("key" varchar NOT NULL PRIMARY KEY, "value" varchar, "created_at" datetime(6) NOT NULL, "updated_at" datetime(6) NOT NULL)[0m
  [1m[36mActiveRecord::SchemaMigration Pluck (0.3ms)[0m  [1m[34mSELECT "schema_migrations"."version" FROM "schema_migrations" ORDER BY "schema_migrations"."version" ASC[0m
Migrating to CreateArticles (20230613111304)
  [1m[36mTRANSACTION (0.3ms)[0m  [1m[36mbegin transaction[0m
  [1m[35m (0.7ms)[0m  [1m[35mCREATE TABLE "articles" ("id" integer PRIMARY KEY AUTOINCREMENT NOT NULL, "name" varchar, "created_at" datetime(6) NOT NULL, "updated_at" datetime(6) NOT NULL)[0m
  [1m[36mActiveRecord::SchemaMigration Create (0.4ms)[0m  [1m[32mINSERT INTO "schema_migrations" ("version") VALUES (?)[0m  [["version", "20230613111304"]]
  [1m[36mTRANSACTION (4.5ms)[0m  [1m[36mcommit transaction[0m
  [1m[36mActiveRecord::InternalMetadata Load (0.4ms)[0m  [1m[34mSELECT "ar_internal_metadata".* FROM "ar_internal_metadata" WHERE "ar_internal_metadata"."key" = ? LIMIT ?[0m  [["key", "environment"], ["LIMIT", 1]]
  [1m[36mTRANSACTION (0.1ms)[0m  [1m[36mbegin transaction[0m
  [1m[36mActiveRecord::InternalMetadata Create (0.6ms)[0m  [1m[32mINSERT INTO "ar_internal_metadata" ("key", "value", "created_at", "updated_at") VALUES (?, ?, ?, ?)[0m  [["key", "environment"], ["value", "development"], ["created_at", "2023-06-13 11:13:50.438471"], ["updated_at", "2023-06-13 11:13:50.438471"]]
  [1m[36mTRANSACTION (2.4ms)[0m  [1m[36mcommit transaction[0m
  [1m[36mActiveRecord::SchemaMigration Pluck (0.2ms)[0m  [1m[34mSELECT "schema_migrations"."version" FROM "schema_migrations" ORDER BY "schema_migrations"."version" ASC[0m
  [1m[36mActiveRecord::InternalMetadata Load (0.3ms)[0m  [1m[34mSELECT "ar_internal_metadata".* FROM "ar_internal_metadata" WHERE "ar_internal_metadata"."key" = ? LIMIT ?[0m  [["key", "environment"], ["LIMIT", 1]]
  [1m[36mActiveRecord::SchemaMigration Pluck (0.2ms)[0m  [1m[34mSELECT "schema_migrations"."version" FROM "schema_migrations" ORDER BY "schema_migrations"."version" ASC[0m
  [1m[36mActiveRecord::SchemaMigration Pluck (0.2ms)[0m  [1m[34mSELECT "schema_migrations"."version" FROM "schema_migrations" ORDER BY "schema_migrations"."version" ASC[0m
  [1m[36mActiveRecord::InternalMetadata Pluck (0.3ms)[0m  [1m[34mSELECT "ar_internal_metadata"."value" FROM "ar_internal_metadata" WHERE "ar_internal_metadata"."key" = ? LIMIT ?[0m  [["key", "environment"], ["LIMIT", 1]]
  [1m[36mActiveRecord::SchemaMigration Pluck (0.1ms)[0m  [1m[34mSELECT "schema_migrations"."version" FROM "schema_migrations" ORDER BY "schema_migrations"."version" ASC[0m
  [1m[36mActiveRecord::InternalMetadata Pluck (0.1ms)[0m  [1m[34mSELECT "ar_internal_metadata"."value" FROM "ar_internal_metadata" WHERE "ar_internal_metadata"."key" = ? LIMIT ?[0m  [["key", "environment"], ["LIMIT", 1]]
  [1m[36mActiveRecord::SchemaMigration Pluck (0.1ms)[0m  [1m[34mSELECT "schema_migrations"."version" FROM "schema_migrations" ORDER BY "schema_migrations"."version" ASC[0m
  [1m[36mActiveRecord::InternalMetadata Pluck (0.1ms)[0m  [1m[34mSELECT "ar_internal_metadata"."value" FROM "ar_internal_metadata" WHERE "ar_internal_metadata"."key" = ? LIMIT ?[0m  [["key", "environment"], ["LIMIT", 1]]
  [1m[35m (2.9ms)[0m  [1m[35mDROP TABLE IF EXISTS "articles"[0m
  [1m[35m (2.4ms)[0m  [1m[35mCREATE TABLE "articles" ("id" integer PRIMARY KEY AUTOINCREMENT NOT NULL, "name" varchar, "created_at" datetime(6) NOT NULL, "updated_at" datetime(6) NOT NULL)[0m
  [1m[36mActiveRecord::SchemaMigration Pluck (0.2ms)[0m  [1m[34mSELECT "schema_migrations"."version" FROM "schema_migrations" ORDER BY "schema_migrations"."version" ASC[0m
  [1m[36mActiveRecord::InternalMetadata Load (0.2ms)[0m  [1m[34mSELECT "ar_internal_metadata".* FROM "ar_internal_metadata" WHERE "ar_internal_metadata"."key" = ? LIMIT ?[0m  [["key", "environment"], ["LIMIT", 1]]
  [1m[36mActiveRecord::InternalMetadata Load (0.1ms)[0m  [1m[34mSELECT "ar_internal_metadata".* FROM "ar_internal_metadata" WHERE "ar_internal_metadata"."key" = ? LIMIT ?[0m  [["key", "environment"], ["LIMIT", 1]]
  [1m[36mActiveRecord::InternalMetadata Load (0.1ms)[0m  [1m[34mSELECT "ar_internal_metadata".* FROM "ar_internal_metadata" WHERE "ar_internal_metadata"."key" = ? LIMIT ?[0m  [["key", "schema_sha1"], ["LIMIT", 1]]
  [1m[36mTRANSACTION (0.1ms)[0m  [1m[36mbegin transaction[0m
  [1m[36mActiveRecord::InternalMetadata Create (0.4ms)[0m  [1m[32mINSERT INTO "ar_internal_metadata" ("key", "value", "created_at", "updated_at") VALUES (?, ?, ?, ?)[0m  [["key", "schema_sha1"], ["value", "b1d07ab9e2e2a63ae9bb5d4bfa0445facbf52cc8"], ["created_at", "2023-06-13 16:51:14.083763"], ["updated_at", "2023-06-13 16:51:14.083763"]]
  [1m[36mTRANSACTION (2.2ms)[0m  [1m[36mcommit transaction[0m
  [1m[35m (0.1ms)[0m  [1m[35mDROP TABLE IF EXISTS "articles"[0m
  [1m[35m (3.2ms)[0m  [1m[35mCREATE TABLE "articles" ("id" integer PRIMARY KEY AUTOINCREMENT NOT NULL, "name" varchar, "created_at" datetime(6) NOT NULL, "updated_at" datetime(6) NOT NULL)[0m
  [1m[35m (3.2ms)[0m  [1m[35mCREATE TABLE "schema_migrations" ("version" varchar NOT NULL PRIMARY KEY)[0m
  [1m[36mActiveRecord::SchemaMigration Pluck (0.1ms)[0m  [1m[34mSELECT "schema_migrations"."version" FROM "schema_migrations" ORDER BY "schema_migrations"."version" ASC[0m
  [1m[35m (2.5ms)[0m  [1m[32mINSERT INTO "schema_migrations" (version) VALUES (20230613111304)[0m
  [1m[35m (3.1ms)[0m  [1m[35mCREATE TABLE "ar_internal_metadata" ("key" varchar NOT NULL PRIMARY KEY, "value" varchar, "created_at" datetime(6) NOT NULL, "updated_at" datetime(6) NOT NULL)[0m
  [1m[36mActiveRecord::InternalMetadata Load (0.2ms)[0m  [1m[34mSELECT "ar_internal_metadata".* FROM "ar_internal_metadata" WHERE "ar_internal_metadata"."key" = ? LIMIT ?[0m  [["key", "environment"], ["LIMIT", 1]]
  [1m[36mTRANSACTION (0.1ms)[0m  [1m[36mbegin transaction[0m
  [1m[36mActiveRecord::InternalMetadata Create (0.4ms)[0m  [1m[32mINSERT INTO "ar_internal_metadata" ("key", "value", "created_at", "updated_at") VALUES (?, ?, ?, ?)[0m  [["key", "environment"], ["value", "development"], ["created_at", "2023-06-13 16:51:14.137607"], ["updated_at", "2023-06-13 16:51:14.137607"]]
  [1m[36mTRANSACTION (2.3ms)[0m  [1m[36mcommit transaction[0m
  [1m[36mActiveRecord::InternalMetadata Load (0.1ms)[0m  [1m[34mSELECT "ar_internal_metadata".* FROM "ar_internal_metadata" WHERE "ar_internal_metadata"."key" = ? LIMIT ?[0m  [["key", "environment"], ["LIMIT", 1]]
  [1m[36mTRANSACTION (0.1ms)[0m  [1m[36mbegin transaction[0m
  [1m[36mActiveRecord::InternalMetadata Update (0.4ms)[0m  [1m[33mUPDATE "ar_internal_metadata" SET "value" = ?, "updated_at" = ? WHERE "ar_internal_metadata"."key" = ?[0m  [["value", "test"], ["updated_at", "2023-06-13 16:51:14.148737"], ["key", "environment"]]
  [1m[36mTRANSACTION (2.4ms)[0m  [1m[36mcommit transaction[0m
  [1m[36mActiveRecord::InternalMetadata Load (0.2ms)[0m  [1m[34mSELECT "ar_internal_metadata".* FROM "ar_internal_metadata" WHERE "ar_internal_metadata"."key" = ? LIMIT ?[0m  [["key", "schema_sha1"], ["LIMIT", 1]]
  [1m[36mTRANSACTION (0.1ms)[0m  [1m[36mbegin transaction[0m
  [1m[36mActiveRecord::InternalMetadata Create (0.4ms)[0m  [1m[32mINSERT INTO "ar_internal_metadata" ("key", "value", "created_at", "updated_at") VALUES (?, ?, ?, ?)[0m  [["key", "schema_sha1"], ["value", "b1d07ab9e2e2a63ae9bb5d4bfa0445facbf52cc8"], ["created_at", "2023-06-13 16:51:14.159424"], ["updated_at", "2023-06-13 16:51:14.159424"]]
  [1m[36mTRANSACTION (2.2ms)[0m  [1m[36mcommit transaction[0m
  [1m[35m (3.1ms)[0m  [1m[35mCREATE TABLE "schema_migrations" ("version" varchar NOT NULL PRIMARY KEY)[0m
  [1m[35m (2.9ms)[0m  [1m[35mCREATE TABLE "ar_internal_metadata" ("key" varchar NOT NULL PRIMARY KEY, "value" varchar, "created_at" datetime(6) NOT NULL, "updated_at" datetime(6) NOT NULL)[0m
  [1m[36mActiveRecord::InternalMetadata Load (0.3ms)[0m  [1m[34mSELECT "ar_internal_metadata".* FROM "ar_internal_metadata" WHERE "ar_internal_metadata"."key" = ? LIMIT ?[0m  [["key", "environment"], ["LIMIT", 1]]
  [1m[36mTRANSACTION (0.1ms)[0m  [1m[36mbegin transaction[0m
  [1m[36mActiveRecord::InternalMetadata Create (0.7ms)[0m  [1m[32mINSERT INTO "ar_internal_metadata" ("key", "value", "created_at", "updated_at") VALUES (?, ?, ?, ?)[0m  [["key", "environment"], ["value", "development"], ["created_at", "2023-06-13 16:51:47.887192"], ["updated_at", "2023-06-13 16:51:47.887192"]]
  [1m[36mTRANSACTION (2.3ms)[0m  [1m[36mcommit transaction[0m
  [1m[36mActiveRecord::SchemaMigration Pluck (0.2ms)[0m  [1m[34mSELECT "schema_migrations"."version" FROM "schema_migrations" ORDER BY "schema_migrations"."version" ASC[0m
Started GET "/" for 127.0.0.1 at 2023-06-14 00:54:04 +0800
  [1m[36mActiveRecord::SchemaMigration Pluck (0.3ms)[0m  [1m[34mSELECT "schema_migrations"."version" FROM "schema_migrations" ORDER BY "schema_migrations"."version" ASC[0m
Processing by Rails::WelcomeController#index as HTML
  Rendering /home/dv8/.rbenv/versions/3.1.2/lib/ruby/gems/3.1.0/gems/railties-7.0.5/lib/rails/templates/rails/welcome/index.html.erb
  Rendered /home/dv8/.rbenv/versions/3.1.2/lib/ruby/gems/3.1.0/gems/railties-7.0.5/lib/rails/templates/rails/welcome/index.html.erb (Duration: 4.0ms | Allocations: 528)
Completed 200 OK in 28ms (Views: 9.0ms | ActiveRecord: 0.0ms | Allocations: 4507)


Started GET "/articles" for 127.0.0.1 at 2023-06-14 00:54:08 +0800
Processing by ArticlesController#index as HTML
  Rendering layout layouts/application.html.erb
  Rendering articles/index.html.erb within layouts/application
  Rendered articles/index.html.erb within layouts/application (Duration: 1.3ms | Allocations: 125)
  Rendered layout layouts/application.html.erb (Duration: 448.6ms | Allocations: 88382)
Completed 200 OK in 455ms (Views: 452.4ms | ActiveRecord: 0.0ms | Allocations: 89520)


Started GET "/articles" for 127.0.0.1 at 2023-06-14 00:54:17 +0800
  
ActionController::RoutingError (No route matches [GET] "/articles"):
  
Started GET "/articles" for 127.0.0.1 at 2023-06-14 00:54:36 +0800
  
ArgumentError (Missing :controller key on routes definition, please check your routes.):
  
config/routes.rb:2:in `block in <main>'
config/routes.rb:1:in `<main>'
Started GET "/articles" for 127.0.0.1 at 2023-06-14 00:54:48 +0800
Processing by ArticlesController#index as HTML
  Rendering layout layouts/application.html.erb
  Rendering articles/index.html.erb within layouts/application
  Rendered articles/index.html.erb within layouts/application (Duration: 0.1ms | Allocations: 12)
  Rendered layout layouts/application.html.erb (Duration: 30.1ms | Allocations: 14103)
Completed 200 OK in 34ms (Views: 32.7ms | Allocations: 14736)


Started GET "/articles" for 127.0.0.1 at 2023-06-14 00:57:41 +0800
  
SyntaxError (/home/dv8/Desktop/Current_Project/rails-blog-app/app/controllers/articles_controller.rb:4: syntax error, unexpected local variable or method, expecting `end'
    render :json data
                 ^~~~
):
  
app/controllers/articles_controller.rb:4: syntax error, unexpected local variable or method, expecting `end'
app/controllers/articles_controller.rb:4: syntax error, unexpected local variable or method, expecting `end'
app/controllers/articles_controller.rb:4: syntax error, unexpected local variable or method, expecting `end'
Started GET "/articles" for 127.0.0.1 at 2023-06-14 01:00:10 +0800
Processing by ArticlesController#index as HTML
Completed 200 OK in 1ms (Views: 0.4ms | Allocations: 239)


Started GET "/articles" for 127.0.0.1 at 2023-06-14 01:01:24 +0800
Processing by ArticlesController#index as HTML
Completed 200 OK in 1ms (Views: 0.3ms | Allocations: 216)


Started GET "/articles" for 127.0.0.1 at 2023-06-14 01:01:30 +0800
Processing by ArticlesController#index as HTML
Completed 200 OK in 1ms (Views: 0.3ms | Allocations: 214)


Started GET "/articles" for 127.0.0.1 at 2023-06-14 01:01:35 +0800
Processing by ArticlesController#index as HTML
  Rendering layout layouts/application.html.erb
  Rendering articles/index.html.erb within layouts/application
  Rendered articles/index.html.erb within layouts/application (Duration: 0.1ms | Allocations: 12)
  Rendered layout layouts/application.html.erb (Duration: 31.5ms | Allocations: 14118)
Completed 200 OK in 35ms (Views: 33.7ms | Allocations: 14751)


Started GET "/articles" for 127.0.0.1 at 2023-06-14 01:19:37 +0800
Processing by ArticlesController#index as HTML
  Rendering layout layouts/application.html.erb
  Rendering articles/index.html.erb within layouts/application
  Rendered articles/index.html.erb within layouts/application (Duration: 2.4ms | Allocations: 127)
  Rendered layout layouts/application.html.erb (Duration: 16.1ms | Allocations: 2959)
Completed 200 OK in 24ms (Views: 21.8ms | Allocations: 3902)


Started GET "/" for 127.0.0.1 at 2023-06-14 01:27:19 +0800
Processing by ArticlesController#index as HTML
  Rendering layout layouts/application.html.erb
  Rendering articles/index.html.erb within layouts/application
  Rendered articles/index.html.erb within layouts/application (Duration: 0.1ms | Allocations: 12)
  Rendered layout layouts/application.html.erb (Duration: 31.5ms | Allocations: 14035)
Completed 200 OK in 36ms (Views: 34.5ms | Allocations: 14666)


  [1m[36mActiveRecord::SchemaMigration Pluck (0.4ms)[0m  [1m[34mSELECT "schema_migrations"."version" FROM "schema_migrations" ORDER BY "schema_migrations"."version" ASC[0m
Migrating to CreateArticles (20230613173206)
  [1m[36mTRANSACTION (0.2ms)[0m  [1m[36mbegin transaction[0m
  [1m[35m (0.8ms)[0m  [1m[35mCREATE TABLE "articles" ("id" integer PRIMARY KEY AUTOINCREMENT NOT NULL, "title" varchar, "body" text, "created_at" datetime(6) NOT NULL, "updated_at" datetime(6) NOT NULL)[0m
  [1m[36mActiveRecord::SchemaMigration Create (0.7ms)[0m  [1m[32mINSERT INTO "schema_migrations" ("version") VALUES (?)[0m  [["version", "20230613173206"]]
  [1m[36mTRANSACTION (4.2ms)[0m  [1m[36mcommit transaction[0m
  [1m[36mActiveRecord::InternalMetadata Load (0.4ms)[0m  [1m[34mSELECT "ar_internal_metadata".* FROM "ar_internal_metadata" WHERE "ar_internal_metadata"."key" = ? LIMIT ?[0m  [["key", "environment"], ["LIMIT", 1]]
  [1m[36mActiveRecord::SchemaMigration Pluck (0.3ms)[0m  [1m[34mSELECT "schema_migrations"."version" FROM "schema_migrations" ORDER BY "schema_migrations"."version" ASC[0m
Started GET "/" for 127.0.0.1 at 2023-06-14 01:37:20 +0800
  [1m[36mActiveRecord::SchemaMigration Pluck (0.2ms)[0m  [1m[34mSELECT "schema_migrations"."version" FROM "schema_migrations" ORDER BY "schema_migrations"."version" ASC[0m
Processing by ArticlesController#index as HTML
  Rendering layout layouts/application.html.erb
  Rendering articles/index.html.erb within layouts/application
  Rendered articles/index.html.erb within layouts/application (Duration: 0.1ms | Allocations: 12)
  Rendered layout layouts/application.html.erb (Duration: 36.9ms | Allocations: 14116)
Completed 200 OK in 41ms (Views: 39.8ms | ActiveRecord: 0.0ms | Allocations: 14762)


  [1m[36mTRANSACTION (0.2ms)[0m  [1m[36mbegin transaction[0m
  [1m[36mArticle Create (0.7ms)[0m  [1m[32mINSERT INTO "articles" ("title", "body", "created_at", "updated_at") VALUES (?, ?, ?, ?)[0m  [["title", "Hello Rails"], ["body", "I am on rails!"], ["created_at", "2023-06-13 17:48:10.695594"], ["updated_at", "2023-06-13 17:48:10.695594"]]
  [1m[36mTRANSACTION (2.7ms)[0m  [1m[36mcommit transaction[0m
  [1m[36mArticle Load (0.4ms)[0m  [1m[34mSELECT "articles".* FROM "articles" WHERE "articles"."id" = ? LIMIT ?[0m  [["id", 1], ["LIMIT", 1]]
  [1m[36mArticle Load (0.2ms)[0m  [1m[34mSELECT "articles".* FROM "articles" WHERE "articles"."id" = ? LIMIT ?[0m  [["id", nil], ["LIMIT", 1]]
  [1m[36mArticle Load (0.3ms)[0m  [1m[34mSELECT "articles".* FROM "articles"[0m
Started GET "/" for 127.0.0.1 at 2023-06-14 01:51:33 +0800
Processing by ArticlesController#index as HTML
Completed 500 Internal Server Error in 6ms (Allocations: 2512)


  
NameError (uninitialized constant ArticlesController::Articles

    @articles = Articles.all
                ^^^^^^^^):
  
app/controllers/articles_controller.rb:3:in `index'
Started GET "/" for 127.0.0.1 at 2023-06-14 01:52:00 +0800
Processing by ArticlesController#index as HTML
Completed 500 Internal Server Error in 6ms (Allocations: 2388)


  
NameError (uninitialized constant ArticlesController::Articles

    @articles = Articles.all
                ^^^^^^^^):
  
app/controllers/articles_controller.rb:3:in `index'
Started GET "/" for 127.0.0.1 at 2023-06-14 01:52:01 +0800
Processing by ArticlesController#index as HTML
Completed 500 Internal Server Error in 7ms (Allocations: 2388)


  
NameError (uninitialized constant ArticlesController::Articles

    @articles = Articles.all
                ^^^^^^^^):
  
app/controllers/articles_controller.rb:3:in `index'
Started GET "/" for 127.0.0.1 at 2023-06-14 01:52:20 +0800
Processing by ArticlesController#index as HTML
  Rendering layout layouts/application.html.erb
  Rendering articles/index.html.erb within layouts/application
  [1m[36mArticle Load (0.2ms)[0m  [1m[34mSELECT "articles".* FROM "articles"[0m
  ↳ app/views/articles/index.html.erb:2
  Rendered articles/index.html.erb within layouts/application (Duration: 28.7ms | Allocations: 7163)
  Rendered layout layouts/application.html.erb (Duration: 29.3ms | Allocations: 7258)
Completed 500 Internal Server Error in 42ms (ActiveRecord: 2.7ms | Allocations: 9016)


  
ActionView::Template::Error (Missing partial articles/_article with {:locale=>[:en], :formats=>[:html], :variants=>[], :handlers=>[:raw, :erb, :html, :builder, :ruby, :jbuilder]}.

Searched in:
  * "/home/dv8/Desktop/Current_Project/rails-blog-app/app/views"
  * "/home/dv8/.rbenv/versions/3.1.2/lib/ruby/gems/3.1.0/gems/turbo-rails-1.4.0/app/views"
  * "/home/dv8/.rbenv/versions/3.1.2/lib/ruby/gems/3.1.0/gems/actiontext-7.0.5/app/views"
  * "/home/dv8/.rbenv/versions/3.1.2/lib/ruby/gems/3.1.0/gems/actionmailbox-7.0.5/app/views"

Did you mean?  action_text/attachment_galleries/attachment_gallery
               action_text/attachables/remote_image
               layouts/action_text/contents/content
               action_text/contents/content
               action_text/attachables/missing_attachable
               active_storage/blobs/blob):
    1: <h1>Hello Rails</h1>
    2: <%= render @articles %>
  
app/views/articles/index.html.erb:2
Started GET "/" for 127.0.0.1 at 2023-06-14 01:52:22 +0800
Processing by ArticlesController#index as HTML
  Rendering layout layouts/application.html.erb
  Rendering articles/index.html.erb within layouts/application
  [1m[36mArticle Load (0.2ms)[0m  [1m[34mSELECT "articles".* FROM "articles"[0m
  ↳ app/views/articles/index.html.erb:2
  Rendered articles/index.html.erb within layouts/application (Duration: 6.9ms | Allocations: 2242)
  Rendered layout layouts/application.html.erb (Duration: 7.4ms | Allocations: 2321)
Completed 500 Internal Server Error in 9ms (ActiveRecord: 0.2ms | Allocations: 2597)


  
ActionView::Template::Error (Missing partial articles/_article with {:locale=>[:en], :formats=>[:html], :variants=>[], :handlers=>[:raw, :erb, :html, :builder, :ruby, :jbuilder]}.

Searched in:
  * "/home/dv8/Desktop/Current_Project/rails-blog-app/app/views"
  * "/home/dv8/.rbenv/versions/3.1.2/lib/ruby/gems/3.1.0/gems/turbo-rails-1.4.0/app/views"
  * "/home/dv8/.rbenv/versions/3.1.2/lib/ruby/gems/3.1.0/gems/actiontext-7.0.5/app/views"
  * "/home/dv8/.rbenv/versions/3.1.2/lib/ruby/gems/3.1.0/gems/actionmailbox-7.0.5/app/views"

Did you mean?  action_text/attachment_galleries/attachment_gallery
               action_text/attachables/remote_image
               layouts/action_text/contents/content
               action_text/contents/content
               action_text/attachables/missing_attachable
               active_storage/blobs/blob):
    1: <h1>Hello Rails</h1>
    2: <%= render @articles %>
  
app/views/articles/index.html.erb:2
Started GET "/" for 127.0.0.1 at 2023-06-14 01:52:23 +0800
Processing by ArticlesController#index as HTML
  Rendering layout layouts/application.html.erb
  Rendering articles/index.html.erb within layouts/application
  [1m[36mArticle Load (0.3ms)[0m  [1m[34mSELECT "articles".* FROM "articles"[0m
  ↳ app/views/articles/index.html.erb:2
  Rendered articles/index.html.erb within layouts/application (Duration: 10.2ms | Allocations: 2192)
  Rendered layout layouts/application.html.erb (Duration: 10.8ms | Allocations: 2271)
Completed 500 Internal Server Error in 13ms (ActiveRecord: 0.3ms | Allocations: 2521)


  
ActionView::Template::Error (Missing partial articles/_article with {:locale=>[:en], :formats=>[:html], :variants=>[], :handlers=>[:raw, :erb, :html, :builder, :ruby, :jbuilder]}.

Searched in:
  * "/home/dv8/Desktop/Current_Project/rails-blog-app/app/views"
  * "/home/dv8/.rbenv/versions/3.1.2/lib/ruby/gems/3.1.0/gems/turbo-rails-1.4.0/app/views"
  * "/home/dv8/.rbenv/versions/3.1.2/lib/ruby/gems/3.1.0/gems/actiontext-7.0.5/app/views"
  * "/home/dv8/.rbenv/versions/3.1.2/lib/ruby/gems/3.1.0/gems/actionmailbox-7.0.5/app/views"

Did you mean?  action_text/attachment_galleries/attachment_gallery
               action_text/attachables/remote_image
               layouts/action_text/contents/content
               action_text/contents/content
               action_text/attachables/missing_attachable
               active_storage/blobs/blob):
    1: <h1>Hello Rails</h1>
    2: <%= render @articles %>
  
app/views/articles/index.html.erb:2
Started GET "/" for 127.0.0.1 at 2023-06-14 01:54:32 +0800
Processing by ArticlesController#index as HTML
  Rendering layout layouts/application.html.erb
  Rendering articles/index.html.erb within layouts/application
  Rendered articles/index.html.erb within layouts/application (Duration: 22.3ms | Allocations: 3916)
  Rendered layout layouts/application.html.erb (Duration: 23.0ms | Allocations: 4013)
Completed 500 Internal Server Error in 28ms (ActiveRecord: 0.0ms | Allocations: 4900)


  
ActionView::Template::Error ('nil' is not an ActiveModel-compatible object. It must implement :to_partial_path.):
    1: <h1>Hello Rails</h1>
    2: <%= render @article %>
  
app/views/articles/index.html.erb:2
Started GET "/" for 127.0.0.1 at 2023-06-14 01:58:19 +0800
  [1m[36mActiveRecord::SchemaMigration Pluck (0.4ms)[0m  [1m[34mSELECT "schema_migrations"."version" FROM "schema_migrations" ORDER BY "schema_migrations"."version" ASC[0m
Processing by ArticlesController#index as HTML
  Rendering layout layouts/application.html.erb
  Rendering articles/index.html.erb within layouts/application
  [1m[36mArticle Load (0.4ms)[0m  [1m[34mSELECT "articles".* FROM "articles"[0m
  ↳ app/views/articles/index.html.erb:2
  Rendered articles/index.html.erb within layouts/application (Duration: 150.8ms | Allocations: 7633)
  Rendered layout layouts/application.html.erb (Duration: 151.5ms | Allocations: 7743)
Completed 500 Internal Server Error in 181ms (ActiveRecord: 1.8ms | Allocations: 12566)


  
ActionView::Template::Error (Missing partial articles/_article with {:locale=>[:en], :formats=>[:html], :variants=>[], :handlers=>[:raw, :erb, :html, :builder, :ruby, :jbuilder]}.

Searched in:
  * "/home/dv8/Desktop/Current_Project/rails-blog-app/app/views"
  * "/home/dv8/.rbenv/versions/3.1.2/lib/ruby/gems/3.1.0/gems/turbo-rails-1.4.0/app/views"
  * "/home/dv8/.rbenv/versions/3.1.2/lib/ruby/gems/3.1.0/gems/actiontext-7.0.5/app/views"
  * "/home/dv8/.rbenv/versions/3.1.2/lib/ruby/gems/3.1.0/gems/actionmailbox-7.0.5/app/views"

Did you mean?  action_text/attachment_galleries/attachment_gallery
               action_text/attachables/remote_image
               layouts/action_text/contents/content
               action_text/contents/content
               action_text/attachables/missing_attachable
               active_storage/blobs/blob):
    1: <h1>Hello Rails</h1>
    2: <%= render @articles %>
  
app/views/articles/index.html.erb:2
Started GET "/" for 127.0.0.1 at 2023-06-14 02:01:27 +0800
Processing by ArticlesController#index as HTML
  Rendering layout layouts/application.html.erb
  Rendering articles/index.html.erb within layouts/application
  [1m[36mArticle Load (0.3ms)[0m  [1m[34mSELECT "articles".* FROM "articles"[0m
  ↳ app/views/articles/index.html.erb:2
  Rendered collection of articles/_article.html.erb [1 times] (Duration: 1.4ms | Allocations: 241)
  Rendered articles/index.html.erb within layouts/application (Duration: 6.6ms | Allocations: 1213)
  Rendered layout layouts/application.html.erb (Duration: 154.9ms | Allocations: 35948)
Completed 200 OK in 160ms (Views: 157.7ms | ActiveRecord: 0.3ms | Allocations: 36937)


Started GET "/" for 127.0.0.1 at 2023-06-14 02:05:29 +0800
Processing by ArticlesController#index as HTML
  Rendering layout layouts/application.html.erb
  Rendering articles/index.html.erb within layouts/application
  Rendered articles/index.html.erb within layouts/application (Duration: 16.4ms | Allocations: 4561)
  Rendered layout layouts/application.html.erb (Duration: 19.2ms | Allocations: 4650)
Completed 500 Internal Server Error in 27ms (ActiveRecord: 0.0ms | Allocations: 5586)


  
ActionView::Template::Error (undefined local variable or method `articles' for #<ActionView::Base:0x0000000000aa50>

'.freeze; articles.each do |article|
          ^^^^^^^^
Did you mean?  @articles):
    1: <h1>Hello Rails</h1>
    2: <% articles.each do |article|%>
    3:     <p><%=article.title %></p>
    4: <% end %>
  
app/views/articles/index.html.erb:2
Started GET "/" for 127.0.0.1 at 2023-06-14 02:05:44 +0800
Processing by ArticlesController#index as HTML
  Rendering layout layouts/application.html.erb
  Rendering articles/index.html.erb within layouts/application
  [1m[36mArticle Load (0.3ms)[0m  [1m[34mSELECT "articles".* FROM "articles"[0m
  ↳ app/views/articles/index.html.erb:2
  Rendered articles/index.html.erb within layouts/application (Duration: 3.9ms | Allocations: 819)
  Rendered layout layouts/application.html.erb (Duration: 20.3ms | Allocations: 3654)
Completed 200 OK in 27ms (Views: 24.5ms | ActiveRecord: 0.3ms | Allocations: 4602)


Started GET "/" for 127.0.0.1 at 2023-06-14 02:14:51 +0800
Processing by ArticlesController#index as HTML
  Rendering layout layouts/application.html.erb
  Rendering articles/index.html.erb within layouts/application
  [1m[36mArticle Load (0.3ms)[0m  [1m[34mSELECT "articles".* FROM "articles"[0m
  ↳ app/views/articles/index.html.erb:2
  Rendered articles/index.html.erb within layouts/application (Duration: 5.0ms | Allocations: 999)
  Rendered layout layouts/application.html.erb (Duration: 16.7ms | Allocations: 3807)
Completed 200 OK in 25ms (Views: 19.7ms | ActiveRecord: 1.0ms | Allocations: 4741)


Started GET "/" for 127.0.0.1 at 2023-06-14 02:14:52 +0800
Processing by ArticlesController#index as HTML
  Rendering layout layouts/application.html.erb
  Rendering articles/index.html.erb within layouts/application
  [1m[36mArticle Load (0.3ms)[0m  [1m[34mSELECT "articles".* FROM "articles"[0m
  ↳ app/views/articles/index.html.erb:2
  Rendered articles/index.html.erb within layouts/application (Duration: 3.3ms | Allocations: 557)
  Rendered layout layouts/application.html.erb (Duration: 11.5ms | Allocations: 2910)
Completed 200 OK in 14ms (Views: 12.3ms | ActiveRecord: 0.3ms | Allocations: 3216)


  [1m[36mTRANSACTION (0.2ms)[0m  [1m[36mbegin transaction[0m
  [1m[36mArticle Create (0.7ms)[0m  [1m[32mINSERT INTO "articles" ("title", "body", "created_at", "updated_at") VALUES (?, ?, ?, ?)[0m  [["title", "Rails Blog Instance"], ["body", "Rails Blog Instance Body"], ["created_at", "2023-06-13 18:15:47.732580"], ["updated_at", "2023-06-13 18:15:47.732580"]]
  [1m[36mTRANSACTION (5.1ms)[0m  [1m[36mcommit transaction[0m
  [1m[36mArticle Load (0.4ms)[0m  [1m[34mSELECT "articles".* FROM "articles"[0m
Started GET "/" for 127.0.0.1 at 2023-06-14 02:16:44 +0800
Processing by ArticlesController#index as HTML
  Rendering layout layouts/application.html.erb
  Rendering articles/index.html.erb within layouts/application
  [1m[36mArticle Load (0.3ms)[0m  [1m[34mSELECT "articles".* FROM "articles"[0m
  ↳ app/views/articles/index.html.erb:2
  Rendered articles/index.html.erb within layouts/application (Duration: 4.1ms | Allocations: 563)
  Rendered layout layouts/application.html.erb (Duration: 12.8ms | Allocations: 2923)
Completed 200 OK in 16ms (Views: 13.8ms | ActiveRecord: 0.3ms | Allocations: 3194)


Started GET "/articles/1" for 127.0.0.1 at 2023-06-14 02:25:47 +0800
Processing by ArticlesController#show as HTML
  Parameters: {"id"=>"1"}
Completed 500 Internal Server Error in 9ms (Allocations: 3735)


  
NameError (undefined local variable or method `id' for #<ArticlesController:0x0000000000e830>

    @article = Article.find(params[id])
                                   ^^):
  
app/controllers/articles_controller.rb:6:in `show'
Started GET "/articles/1" for 127.0.0.1 at 2023-06-14 02:26:00 +0800
Processing by ArticlesController#show as HTML
  Parameters: {"id"=>"1"}
Completed 500 Internal Server Error in 7ms (Allocations: 3208)


  
NameError (undefined local variable or method `id' for #<ArticlesController:0x0000000000ebc8>

    @article = Article.find(params[id])
                                   ^^):
  
app/controllers/articles_controller.rb:6:in `show'
Started GET "/articles/1" for 127.0.0.1 at 2023-06-14 02:26:53 +0800
Processing by ArticlesController#show as HTML
  Parameters: {"id"=>"1"}
  [1m[36mArticle Load (0.4ms)[0m  [1m[34mSELECT "articles".* FROM "articles" WHERE "articles"."id" = ? LIMIT ?[0m  [["id", 1], ["LIMIT", 1]]
  ↳ app/controllers/articles_controller.rb:6:in `show'
  Rendering layout layouts/application.html.erb
  Rendering articles/show.html.erb within layouts/application
  Rendered articles/show.html.erb within layouts/application (Duration: 0.9ms | Allocations: 170)
  Rendered layout layouts/application.html.erb (Duration: 40.1ms | Allocations: 14436)
Completed 200 OK in 61ms (Views: 44.5ms | ActiveRecord: 0.9ms | Allocations: 19842)


Started GET "/articles/1" for 127.0.0.1 at 2023-06-14 02:27:03 +0800
Processing by ArticlesController#show as HTML
  Parameters: {"id"=>"1"}
  [1m[36mArticle Load (0.4ms)[0m  [1m[34mSELECT "articles".* FROM "articles" WHERE "articles"."id" = ? LIMIT ?[0m  [["id", 1], ["LIMIT", 1]]
  ↳ app/controllers/articles_controller.rb:6:in `show'
  Rendering layout layouts/application.html.erb
  Rendering articles/show.html.erb within layouts/application
  Rendered articles/show.html.erb within layouts/application (Duration: 19.1ms | Allocations: 4607)
  Rendered layout layouts/application.html.erb (Duration: 20.3ms | Allocations: 4695)
Completed 500 Internal Server Error in 31ms (ActiveRecord: 0.4ms | Allocations: 6129)


  
ActionView::Template::Error (undefined local variable or method `article' for #<ActionView::Base:0x000000000129d0>

            @virtual_path = "articles/show";;@output_buffer.safe_append=' <li>'.freeze;@output_buffer.append=(article.title );@output_buffer.safe_append='</li>
                                                                                                              ^^^^^^^
Did you mean?  @article):
    1:  <li><%=article.title %></li>
    2:  <li><%article.body%></li>
  
app/views/articles/show.html.erb:1
Started GET "/articles/1" for 127.0.0.1 at 2023-06-14 02:27:14 +0800
Processing by ArticlesController#show as HTML
  Parameters: {"id"=>"1"}
  [1m[36mArticle Load (0.3ms)[0m  [1m[34mSELECT "articles".* FROM "articles" WHERE "articles"."id" = ? LIMIT ?[0m  [["id", 1], ["LIMIT", 1]]
  ↳ app/controllers/articles_controller.rb:6:in `show'
  Rendering layout layouts/application.html.erb
  Rendering articles/show.html.erb within layouts/application
  Rendered articles/show.html.erb within layouts/application (Duration: 1.1ms | Allocations: 163)
  Rendered layout layouts/application.html.erb (Duration: 10.3ms | Allocations: 2982)
Completed 200 OK in 19ms (Views: 14.5ms | ActiveRecord: 0.3ms | Allocations: 4426)


Started GET "/articles/2" for 127.0.0.1 at 2023-06-14 02:27:17 +0800
Processing by ArticlesController#show as HTML
  Parameters: {"id"=>"2"}
  [1m[36mArticle Load (0.3ms)[0m  [1m[34mSELECT "articles".* FROM "articles" WHERE "articles"."id" = ? LIMIT ?[0m  [["id", 2], ["LIMIT", 1]]
  ↳ app/controllers/articles_controller.rb:6:in `show'
  Rendering layout layouts/application.html.erb
  Rendering articles/show.html.erb within layouts/application
  Rendered articles/show.html.erb within layouts/application (Duration: 0.1ms | Allocations: 11)
  Rendered layout layouts/application.html.erb (Duration: 7.4ms | Allocations: 2384)
Completed 200 OK in 12ms (Views: 8.6ms | ActiveRecord: 0.3ms | Allocations: 3185)


Started GET "/articles/1" for 127.0.0.1 at 2023-06-14 02:27:40 +0800
Processing by ArticlesController#show as HTML
  Parameters: {"id"=>"1"}
  [1m[36mArticle Load (0.2ms)[0m  [1m[34mSELECT "articles".* FROM "articles" WHERE "articles"."id" = ? LIMIT ?[0m  [["id", 1], ["LIMIT", 1]]
  ↳ app/controllers/articles_controller.rb:6:in `show'
  Rendering layout layouts/application.html.erb
  Rendering articles/show.html.erb within layouts/application
  Rendered articles/show.html.erb within layouts/application (Duration: 1.0ms | Allocations: 180)
  Rendered layout layouts/application.html.erb (Duration: 8.8ms | Allocations: 2999)
Completed 200 OK in 16ms (Views: 12.1ms | ActiveRecord: 0.2ms | Allocations: 4379)


Started GET "/articles/1" for 127.0.0.1 at 2023-06-14 02:28:16 +0800
Processing by ArticlesController#show as HTML
  Parameters: {"id"=>"1"}
  [1m[36mArticle Load (0.2ms)[0m  [1m[34mSELECT "articles".* FROM "articles" WHERE "articles"."id" = ? LIMIT ?[0m  [["id", 1], ["LIMIT", 1]]
  ↳ app/controllers/articles_controller.rb:6:in `show'
  Rendering layout layouts/application.html.erb
  Rendering articles/show.html.erb within layouts/application
  Rendered articles/show.html.erb within layouts/application (Duration: 1.0ms | Allocations: 175)
  Rendered layout layouts/application.html.erb (Duration: 9.9ms | Allocations: 2988)
Completed 200 OK in 17ms (Views: 12.7ms | ActiveRecord: 0.2ms | Allocations: 4442)


Started GET "/articles" for 127.0.0.1 at 2023-06-14 02:38:33 +0800
Processing by ArticlesController#index as HTML
  Rendering layout layouts/application.html.erb
  Rendering articles/index.html.erb within layouts/application
  [1m[36mArticle Load (0.3ms)[0m  [1m[34mSELECT "articles".* FROM "articles"[0m
  ↳ app/views/articles/index.html.erb:2
  Rendered articles/index.html.erb within layouts/application (Duration: 5.0ms | Allocations: 1036)
  Rendered layout layouts/application.html.erb (Duration: 15.0ms | Allocations: 3871)
Completed 200 OK in 22ms (Views: 19.4ms | ActiveRecord: 0.9ms | Allocations: 4806)


Started GET "/articles" for 127.0.0.1 at 2023-06-14 02:38:43 +0800
Processing by ArticlesController#index as HTML
  Rendering layout layouts/application.html.erb
  Rendering articles/index.html.erb within layouts/application
  [1m[36mArticle Load (0.3ms)[0m  [1m[34mSELECT "articles".* FROM "articles"[0m
  ↳ app/views/articles/index.html.erb:2
  Rendered articles/index.html.erb within layouts/application (Duration: 4.2ms | Allocations: 839)
  Rendered layout layouts/application.html.erb (Duration: 15.0ms | Allocations: 3680)
Completed 200 OK in 20ms (Views: 17.5ms | ActiveRecord: 0.3ms | Allocations: 4618)


Started GET "/articles/" for 127.0.0.1 at 2023-06-14 02:38:46 +0800
Processing by ArticlesController#index as HTML
  Rendering layout layouts/application.html.erb
  Rendering articles/index.html.erb within layouts/application
  [1m[36mArticle Load (0.2ms)[0m  [1m[34mSELECT "articles".* FROM "articles"[0m
  ↳ app/views/articles/index.html.erb:2
  Rendered articles/index.html.erb within layouts/application (Duration: 2.3ms | Allocations: 563)
  Rendered layout layouts/application.html.erb (Duration: 8.9ms | Allocations: 2932)
Completed 200 OK in 12ms (Views: 9.8ms | ActiveRecord: 0.2ms | Allocations: 3228)


Started GET "/articles/" for 127.0.0.1 at 2023-06-14 02:38:46 +0800
Processing by ArticlesController#index as HTML
  Rendering layout layouts/application.html.erb
  Rendering articles/index.html.erb within layouts/application
  [1m[36mArticle Load (0.3ms)[0m  [1m[34mSELECT "articles".* FROM "articles"[0m
  ↳ app/views/articles/index.html.erb:2
  Rendered articles/index.html.erb within layouts/application (Duration: 3.5ms | Allocations: 563)
  Rendered layout layouts/application.html.erb (Duration: 14.4ms | Allocations: 2917)
Completed 200 OK in 17ms (Views: 15.8ms | ActiveRecord: 0.3ms | Allocations: 3190)


Started GET "/articles/" for 127.0.0.1 at 2023-06-14 02:38:47 +0800
Processing by ArticlesController#index as HTML
  Rendering layout layouts/application.html.erb
  Rendering articles/index.html.erb within layouts/application
  [1m[36mArticle Load (0.2ms)[0m  [1m[34mSELECT "articles".* FROM "articles"[0m
  ↳ app/views/articles/index.html.erb:2
  Rendered articles/index.html.erb within layouts/application (Duration: 2.7ms | Allocations: 563)
  Rendered layout layouts/application.html.erb (Duration: 10.5ms | Allocations: 2917)
Completed 200 OK in 13ms (Views: 11.6ms | ActiveRecord: 0.2ms | Allocations: 3190)


Started GET "/articles/" for 127.0.0.1 at 2023-06-14 02:38:47 +0800
Processing by ArticlesController#index as HTML
  Rendering layout layouts/application.html.erb
  Rendering articles/index.html.erb within layouts/application
  [1m[36mArticle Load (0.2ms)[0m  [1m[34mSELECT "articles".* FROM "articles"[0m
  ↳ app/views/articles/index.html.erb:2
  Rendered articles/index.html.erb within layouts/application (Duration: 2.6ms | Allocations: 563)
  Rendered layout layouts/application.html.erb (Duration: 9.2ms | Allocations: 2914)
Completed 200 OK in 11ms (Views: 10.0ms | ActiveRecord: 0.2ms | Allocations: 3187)


Started GET "/articles/" for 127.0.0.1 at 2023-06-14 02:38:51 +0800
Processing by ArticlesController#index as HTML
  Rendering layout layouts/application.html.erb
  Rendering articles/index.html.erb within layouts/application
  [1m[36mArticle Load (0.3ms)[0m  [1m[34mSELECT "articles".* FROM "articles"[0m
  ↳ app/views/articles/index.html.erb:2
  Rendered articles/index.html.erb within layouts/application (Duration: 3.9ms | Allocations: 837)
  Rendered layout layouts/application.html.erb (Duration: 12.7ms | Allocations: 3660)
Completed 200 OK in 17ms (Views: 15.1ms | ActiveRecord: 0.3ms | Allocations: 4575)


Started GET "/articles/" for 127.0.0.1 at 2023-06-14 02:38:51 +0800
Processing by ArticlesController#index as HTML
  Rendering layout layouts/application.html.erb
  Rendering articles/index.html.erb within layouts/application
  [1m[36mArticle Load (0.2ms)[0m  [1m[34mSELECT "articles".* FROM "articles"[0m
  ↳ app/views/articles/index.html.erb:2
  Rendered articles/index.html.erb within layouts/application (Duration: 2.7ms | Allocations: 563)
  Rendered layout layouts/application.html.erb (Duration: 17.3ms | Allocations: 2929)
Completed 200 OK in 20ms (Views: 18.4ms | ActiveRecord: 0.2ms | Allocations: 3224)


Started GET "/articles/" for 127.0.0.1 at 2023-06-14 02:39:26 +0800
Processing by ArticlesController#index as HTML
  Rendering layout layouts/application.html.erb
  Rendering articles/index.html.erb within layouts/application
  [1m[36mArticle Load (0.2ms)[0m  [1m[34mSELECT "articles".* FROM "articles"[0m
  ↳ app/views/articles/index.html.erb:2
  Rendered articles/index.html.erb within layouts/application (Duration: 4.5ms | Allocations: 844)
  Rendered layout layouts/application.html.erb (Duration: 12.8ms | Allocations: 3655)
Completed 200 OK in 18ms (Views: 16.1ms | ActiveRecord: 0.2ms | Allocations: 4573)


Started GET "/articles/1" for 127.0.0.1 at 2023-06-14 02:39:26 +0800
Processing by ArticlesController#show as HTML
  Parameters: {"id"=>"1"}
  [1m[36mArticle Load (0.3ms)[0m  [1m[34mSELECT "articles".* FROM "articles" WHERE "articles"."id" = ? LIMIT ?[0m  [["id", 1], ["LIMIT", 1]]
  ↳ app/controllers/articles_controller.rb:6:in `show'
  Rendering layout layouts/application.html.erb
  Rendering articles/show.html.erb within layouts/application
  Rendered articles/show.html.erb within layouts/application (Duration: 0.9ms | Allocations: 144)
  Rendered layout layouts/application.html.erb (Duration: 7.3ms | Allocations: 2499)
Completed 200 OK in 12ms (Views: 8.2ms | ActiveRecord: 0.3ms | Allocations: 3354)


Started GET "/articles/2" for 127.0.0.1 at 2023-06-14 02:39:28 +0800
Processing by ArticlesController#show as HTML
  Parameters: {"id"=>"2"}
  [1m[36mArticle Load (0.2ms)[0m  [1m[34mSELECT "articles".* FROM "articles" WHERE "articles"."id" = ? LIMIT ?[0m  [["id", 2], ["LIMIT", 1]]
  ↳ app/controllers/articles_controller.rb:6:in `show'
  Rendering layout layouts/application.html.erb
  Rendering articles/show.html.erb within layouts/application
  Rendered articles/show.html.erb within layouts/application (Duration: 0.1ms | Allocations: 11)
  Rendered layout layouts/application.html.erb (Duration: 7.7ms | Allocations: 2348)
Completed 200 OK in 12ms (Views: 8.8ms | ActiveRecord: 0.2ms | Allocations: 3077)


Started GET "/articles/1" for 127.0.0.1 at 2023-06-14 02:39:30 +0800
Processing by ArticlesController#show as HTML
  Parameters: {"id"=>"1"}
  [1m[36mArticle Load (0.2ms)[0m  [1m[34mSELECT "articles".* FROM "articles" WHERE "articles"."id" = ? LIMIT ?[0m  [["id", 1], ["LIMIT", 1]]
  ↳ app/controllers/articles_controller.rb:6:in `show'
  Rendering layout layouts/application.html.erb
  Rendering articles/show.html.erb within layouts/application
  Rendered articles/show.html.erb within layouts/application (Duration: 0.1ms | Allocations: 10)
  Rendered layout layouts/application.html.erb (Duration: 8.2ms | Allocations: 2362)
Completed 200 OK in 12ms (Views: 9.2ms | ActiveRecord: 0.2ms | Allocations: 3092)


Started GET "/articles/1" for 127.0.0.1 at 2023-06-14 02:39:38 +0800
Processing by ArticlesController#show as HTML
  Parameters: {"id"=>"1"}
  [1m[36mArticle Load (0.2ms)[0m  [1m[34mSELECT "articles".* FROM "articles" WHERE "articles"."id" = ? LIMIT ?[0m  [["id", 1], ["LIMIT", 1]]
  ↳ app/controllers/articles_controller.rb:6:in `show'
  Rendering layout layouts/application.html.erb
  Rendering articles/show.html.erb within layouts/application
  Rendered articles/show.html.erb within layouts/application (Duration: 0.1ms | Allocations: 10)
  Rendered layout layouts/application.html.erb (Duration: 7.4ms | Allocations: 2344)
Completed 200 OK in 12ms (Views: 8.6ms | ActiveRecord: 0.2ms | Allocations: 3071)


Started GET "/articles/1" for 127.0.0.1 at 2023-06-14 02:39:44 +0800
Processing by ArticlesController#show as HTML
  Parameters: {"id"=>"1"}
  [1m[36mArticle Load (0.3ms)[0m  [1m[34mSELECT "articles".* FROM "articles" WHERE "articles"."id" = ? LIMIT ?[0m  [["id", 1], ["LIMIT", 1]]
  ↳ app/controllers/articles_controller.rb:6:in `show'
  Rendering layout layouts/application.html.erb
  Rendering articles/show.html.erb within layouts/application
  Rendered articles/show.html.erb within layouts/application (Duration: 1.6ms | Allocations: 176)
  Rendered layout layouts/application.html.erb (Duration: 10.1ms | Allocations: 2986)
Completed 200 OK in 17ms (Views: 13.0ms | ActiveRecord: 0.3ms | Allocations: 4369)


Started GET "/articles/1" for 127.0.0.1 at 2023-06-14 02:39:50 +0800
Processing by ArticlesController#show as HTML
  Parameters: {"id"=>"1"}
  [1m[36mArticle Load (0.3ms)[0m  [1m[34mSELECT "articles".* FROM "articles" WHERE "articles"."id" = ? LIMIT ?[0m  [["id", 1], ["LIMIT", 1]]
  ↳ app/controllers/articles_controller.rb:6:in `show'
  Rendering layout layouts/application.html.erb
  Rendering articles/show.html.erb within layouts/application
  Rendered articles/show.html.erb within layouts/application (Duration: 1.7ms | Allocations: 175)
  Rendered layout layouts/application.html.erb (Duration: 10.9ms | Allocations: 2985)
Completed 200 OK in 19ms (Views: 14.1ms | ActiveRecord: 0.3ms | Allocations: 4439)


Started GET "/articles/1" for 127.0.0.1 at 2023-06-14 02:55:03 +0800
Processing by ArticlesController#show as HTML
  Parameters: {"id"=>"1"}
  [1m[36mArticle Load (0.4ms)[0m  [1m[34mSELECT "articles".* FROM "articles" WHERE "articles"."id" = ? LIMIT ?[0m  [["id", 1], ["LIMIT", 1]]
  ↳ app/controllers/articles_controller.rb:6:in `show'
  Rendering layout layouts/application.html.erb
  Rendering articles/show.html.erb within layouts/application
  Rendered articles/show.html.erb within layouts/application (Duration: 1.6ms | Allocations: 182)
  Rendered layout layouts/application.html.erb (Duration: 29.2ms | Allocations: 14436)
Completed 200 OK in 46ms (Views: 32.0ms | ActiveRecord: 0.9ms | Allocations: 18687)


Started GET "/articles" for 127.0.0.1 at 2023-06-14 02:56:26 +0800
Processing by ArticlesController#index as HTML
  Rendering layout layouts/application.html.erb
  Rendering articles/index.html.erb within layouts/application
  [1m[36mArticle Load (0.4ms)[0m  [1m[34mSELECT "articles".* FROM "articles"[0m
  ↳ app/views/articles/index.html.erb:2
  Rendered articles/index.html.erb within layouts/application (Duration: 4.4ms | Allocations: 1102)
  Rendered layout layouts/application.html.erb (Duration: 26.3ms | Allocations: 3946)
Completed 200 OK in 39ms (Views: 36.9ms | ActiveRecord: 0.4ms | Allocations: 4885)


Started GET "/articles" for 127.0.0.1 at 2023-06-14 02:56:28 +0800
Processing by ArticlesController#index as HTML
  Rendering layout layouts/application.html.erb
  Rendering articles/index.html.erb within layouts/application
  [1m[36mArticle Load (0.3ms)[0m  [1m[34mSELECT "articles".* FROM "articles"[0m
  ↳ app/views/articles/index.html.erb:2
  Rendered articles/index.html.erb within layouts/application (Duration: 4.3ms | Allocations: 658)
  Rendered layout layouts/application.html.erb (Duration: 13.2ms | Allocations: 3030)
Completed 200 OK in 16ms (Views: 14.6ms | ActiveRecord: 0.3ms | Allocations: 3324)


Started GET "/articles" for 127.0.0.1 at 2023-06-14 02:56:32 +0800
Processing by ArticlesController#index as HTML
  Rendering layout layouts/application.html.erb
  Rendering articles/index.html.erb within layouts/application
  [1m[36mArticle Load (0.3ms)[0m  [1m[34mSELECT "articles".* FROM "articles"[0m
  ↳ app/views/articles/index.html.erb:2
  Rendered articles/index.html.erb within layouts/application (Duration: 4.3ms | Allocations: 968)
  Rendered layout layouts/application.html.erb (Duration: 13.8ms | Allocations: 3778)
Completed 200 OK in 20ms (Views: 17.1ms | ActiveRecord: 0.3ms | Allocations: 4696)


Started GET "/articles" for 127.0.0.1 at 2023-06-14 02:57:41 +0800
Processing by ArticlesController#index as HTML
  Rendering layout layouts/application.html.erb
  Rendering articles/index.html.erb within layouts/application
  [1m[36mArticle Load (0.3ms)[0m  [1m[34mSELECT "articles".* FROM "articles"[0m
  ↳ app/views/articles/index.html.erb:2
  Rendered articles/index.html.erb within layouts/application (Duration: 19.0ms | Allocations: 5040)
  Rendered layout layouts/application.html.erb (Duration: 19.7ms | Allocations: 5125)
Completed 500 Internal Server Error in 25ms (ActiveRecord: 0.3ms | Allocations: 6042)


  
ActionView::Template::Error (undefined method `article_path' for #<ActionView::Base:0x00000000016eb8>

@output_buffer.safe_append='    <a href="'.freeze;article_path(article);@output_buffer.safe_append='">
                                                  ^^^^^^^^^^^^
Did you mean?  articles_path):
    1: <h1>Hello Rails</h1>
    2: <% @articles.each do |article|%>
    3:     <a href="<%article_path(article)%>">
    4:         <li><%=article.title%></li>
    5:     </a>
    6: <% end %>
  
app/views/articles/index.html.erb:3
app/views/articles/index.html.erb:2
Started GET "/articles" for 127.0.0.1 at 2023-06-14 02:57:53 +0800
Processing by ArticlesController#index as HTML
  Rendering layout layouts/application.html.erb
  Rendering articles/index.html.erb within layouts/application
  [1m[36mArticle Load (0.3ms)[0m  [1m[34mSELECT "articles".* FROM "articles"[0m
  ↳ app/views/articles/index.html.erb:2
  Rendered articles/index.html.erb within layouts/application (Duration: 21.2ms | Allocations: 5042)
  Rendered layout layouts/application.html.erb (Duration: 22.1ms | Allocations: 5127)
Completed 500 Internal Server Error in 27ms (ActiveRecord: 0.3ms | Allocations: 6030)


  
ActionView::Template::Error (undefined method `article_path' for #<ActionView::Base:0x000000000171d8>

@output_buffer.safe_append='    <a href="'.freeze;@output_buffer.append=(article_path(article));@output_buffer.safe_append='">
                                                                         ^^^^^^^^^^^^
Did you mean?  articles_path):
    1: <h1>Hello Rails</h1>
    2: <% @articles.each do |article|%>
    3:     <a href="<%=article_path(article)%>">
    4:         <li><%=article.title%></li>
    5:     </a>
    6: <% end %>
  
app/views/articles/index.html.erb:3
app/views/articles/index.html.erb:2
Started GET "/articles" for 127.0.0.1 at 2023-06-14 02:58:28 +0800
Processing by ArticlesController#index as HTML
  Rendering layout layouts/application.html.erb
  Rendering articles/index.html.erb within layouts/application
  [1m[36mArticle Load (0.3ms)[0m  [1m[34mSELECT "articles".* FROM "articles"[0m
  ↳ app/views/articles/index.html.erb:2
  Rendered articles/index.html.erb within layouts/application (Duration: 20.0ms | Allocations: 5011)
  Rendered layout layouts/application.html.erb (Duration: 20.6ms | Allocations: 5096)
Completed 500 Internal Server Error in 31ms (ActiveRecord: 0.3ms | Allocations: 5996)


  
ActionView::Template::Error (undefined method `article_path' for #<ActionView::Base:0x000000000174f8>

@output_buffer.safe_append='    <a href="'.freeze;article_path(article);@output_buffer.safe_append='">
                                                  ^^^^^^^^^^^^
Did you mean?  articles_path):
    1: <h1>Hello Rails</h1>
    2: <% @articles.each do |article|%>
    3:     <a href="<%article_path(article)%>">
    4:         <li><%=article.title%></li>
    5:     </a>
    6: <% end %>
  
app/views/articles/index.html.erb:3
app/views/articles/index.html.erb:2
Started GET "/articles" for 127.0.0.1 at 2023-06-14 02:58:49 +0800
Processing by ArticlesController#index as HTML
  Rendering layout layouts/application.html.erb
  Rendering articles/index.html.erb within layouts/application
  [1m[36mArticle Load (0.3ms)[0m  [1m[34mSELECT "articles".* FROM "articles"[0m
  ↳ app/views/articles/index.html.erb:2
  Rendered articles/index.html.erb within layouts/application (Duration: 21.0ms | Allocations: 5038)
  Rendered layout layouts/application.html.erb (Duration: 21.5ms | Allocations: 5123)
Completed 500 Internal Server Error in 26ms (ActiveRecord: 0.3ms | Allocations: 6023)


  
ActionView::Template::Error (undefined method `article_path' for #<ActionView::Base:0x00000000017868>

@output_buffer.safe_append='    <a href="'.freeze;@output_buffer.append=(article_path(article));@output_buffer.safe_append='">
                                                                         ^^^^^^^^^^^^
Did you mean?  articles_path):
    1: <h1>Hello Rails</h1>
    2: <% @articles.each do |article|%>
    3:     <a href="<%=article_path(article)%>">
    4:         <li><%=article.title%></li>
    5:     </a>
    6: <% end %>
  
app/views/articles/index.html.erb:3
app/views/articles/index.html.erb:2
Started GET "/articles" for 127.0.0.1 at 2023-06-14 02:58:59 +0800
Processing by ArticlesController#index as HTML
  Rendering layout layouts/application.html.erb
  Rendering articles/index.html.erb within layouts/application
  [1m[36mArticle Load (0.3ms)[0m  [1m[34mSELECT "articles".* FROM "articles"[0m
  ↳ app/views/articles/index.html.erb:2
  Rendered articles/index.html.erb within layouts/application (Duration: 6.3ms | Allocations: 939)
  Rendered layout layouts/application.html.erb (Duration: 15.2ms | Allocations: 3788)
Completed 200 OK in 21ms (Views: 18.3ms | ActiveRecord: 0.3ms | Allocations: 4718)


Started GET "/articles.1" for 127.0.0.1 at 2023-06-14 02:59:41 +0800
Processing by ArticlesController#index as */*
  Rendering layout layouts/application.html.erb
  Rendering articles/index.html.erb within layouts/application
  [1m[36mArticle Load (0.2ms)[0m  [1m[34mSELECT "articles".* FROM "articles"[0m
  ↳ app/views/articles/index.html.erb:2
  Rendered articles/index.html.erb within layouts/application (Duration: 2.7ms | Allocations: 638)
  Rendered layout layouts/application.html.erb (Duration: 10.0ms | Allocations: 2998)
Completed 200 OK in 12ms (Views: 10.7ms | ActiveRecord: 0.2ms | Allocations: 3373)


Started GET "/articles.2" for 127.0.0.1 at 2023-06-14 02:59:42 +0800
Processing by ArticlesController#index as */*
  Rendering layout layouts/application.html.erb
  Rendering articles/index.html.erb within layouts/application
  [1m[36mArticle Load (0.2ms)[0m  [1m[34mSELECT "articles".* FROM "articles"[0m
  ↳ app/views/articles/index.html.erb:2
  Rendered articles/index.html.erb within layouts/application (Duration: 4.0ms | Allocations: 638)
  Rendered layout layouts/application.html.erb (Duration: 11.6ms | Allocations: 3001)
Completed 200 OK in 14ms (Views: 12.5ms | ActiveRecord: 0.2ms | Allocations: 3274)


Started GET "/articles.1" for 127.0.0.1 at 2023-06-14 02:59:43 +0800
Processing by ArticlesController#index as */*
  Rendering layout layouts/application.html.erb
  Rendering articles/index.html.erb within layouts/application
  [1m[36mArticle Load (0.2ms)[0m  [1m[34mSELECT "articles".* FROM "articles"[0m
  ↳ app/views/articles/index.html.erb:2
  Rendered articles/index.html.erb within layouts/application (Duration: 3.0ms | Allocations: 638)
  Rendered layout layouts/application.html.erb (Duration: 11.6ms | Allocations: 3019)
Completed 200 OK in 14ms (Views: 12.5ms | ActiveRecord: 0.2ms | Allocations: 3293)


Started GET "/articles.1" for 127.0.0.1 at 2023-06-14 02:59:53 +0800
Processing by ArticlesController#index as */*
  Rendering layout layouts/application.html.erb
  Rendering articles/index.html.erb within layouts/application
  [1m[36mArticle Load (0.3ms)[0m  [1m[34mSELECT "articles".* FROM "articles"[0m
  ↳ app/views/articles/index.html.erb:2
  Rendered articles/index.html.erb within layouts/application (Duration: 20.9ms | Allocations: 5041)
  Rendered layout layouts/application.html.erb (Duration: 21.4ms | Allocations: 5126)
Completed 500 Internal Server Error in 27ms (ActiveRecord: 0.3ms | Allocations: 6094)


  
ActionView::Template::Error (undefined method `article_path' for #<ActionView::Base:0x00000000017ca0>

@output_buffer.safe_append='    <a href="'.freeze;@output_buffer.append=(article_path(article));@output_buffer.safe_append='">
                                                                         ^^^^^^^^^^^^
Did you mean?  articles_path):
    1: <h1>Hello Rails</h1>
    2: <% @articles.each do |article|%>
    3:     <a href="<%=article_path(article)%>">
    4:         <li><%=article.title%></li>
    5:     </a>
    6: <% end %>
  
app/views/articles/index.html.erb:3
app/views/articles/index.html.erb:2
Started GET "/articles.1" for 127.0.0.1 at 2023-06-14 03:00:18 +0800
Processing by ArticlesController#index as */*
  Rendering layout layouts/application.html.erb
  Rendering articles/index.html.erb within layouts/application
  [1m[36mArticle Load (0.3ms)[0m  [1m[34mSELECT "articles".* FROM "articles"[0m
  ↳ app/views/articles/index.html.erb:2
  Rendered articles/index.html.erb within layouts/application (Duration: 19.4ms | Allocations: 5039)
  Rendered layout layouts/application.html.erb (Duration: 19.9ms | Allocations: 5124)
Completed 500 Internal Server Error in 25ms (ActiveRecord: 0.3ms | Allocations: 6105)


  
ActionView::Template::Error (undefined method `article_path' for #<ActionView::Base:0x00000000017fc0>

@output_buffer.safe_append='   <a href="'.freeze;@output_buffer.append=( article_path(article) );@output_buffer.safe_append='">
                                                                         ^^^^^^^^^^^^
Did you mean?  articles_path):
    1: <h1>Hello Rails</h1>
    2: <% @articles.each do |article|%>
    3:    <a href="<%= article_path(article) %>">
    4:         <li><%=article.title%></li>
    5:     </a>
    6: <% end %>
  
app/views/articles/index.html.erb:3
app/views/articles/index.html.erb:2
Started GET "/articles.1" for 127.0.0.1 at 2023-06-14 03:01:02 +0800
Processing by ArticlesController#index as */*
  Rendering layout layouts/application.html.erb
  Rendering articles/index.html.erb within layouts/application
  [1m[36mArticle Load (0.3ms)[0m  [1m[34mSELECT "articles".* FROM "articles"[0m
  ↳ app/views/articles/index.html.erb:2
  Rendered articles/index.html.erb within layouts/application (Duration: 20.0ms | Allocations: 5038)
  Rendered layout layouts/application.html.erb (Duration: 20.5ms | Allocations: 5123)
Completed 500 Internal Server Error in 25ms (ActiveRecord: 0.3ms | Allocations: 6104)


  
ActionView::Template::Error (undefined method `article_path' for #<ActionView::Base:0x00000000018308>

@output_buffer.safe_append='   <a href="'.freeze;@output_buffer.append=( article_path(article) );@output_buffer.safe_append='">
                                                                         ^^^^^^^^^^^^
Did you mean?  articles_path):
    1: <h1>Hello Rails</h1>
    2: <% @articles.each do |article|%>
    3:    <a href="<%= article_path(article) %>">
    4:         <li><%=article.title%></li>
    5:     </a>
    6: <% end %>
  
app/views/articles/index.html.erb:3
app/views/articles/index.html.erb:2
Started GET "/articles" for 127.0.0.1 at 2023-06-14 03:01:05 +0800
Processing by ArticlesController#index as HTML
  Rendering layout layouts/application.html.erb
  Rendering articles/index.html.erb within layouts/application
  [1m[36mArticle Load (0.3ms)[0m  [1m[34mSELECT "articles".* FROM "articles"[0m
  ↳ app/views/articles/index.html.erb:2
  Rendered articles/index.html.erb within layouts/application (Duration: 17.6ms | Allocations: 4732)
  Rendered layout layouts/application.html.erb (Duration: 19.1ms | Allocations: 4811)
Completed 500 Internal Server Error in 21ms (ActiveRecord: 0.3ms | Allocations: 5080)


  
ActionView::Template::Error (undefined method `article_path' for #<ActionView::Base:0x00000000018628>

@output_buffer.safe_append='   <a href="'.freeze;@output_buffer.append=( article_path(article) );@output_buffer.safe_append='">
                                                                         ^^^^^^^^^^^^
Did you mean?  articles_path):
    1: <h1>Hello Rails</h1>
    2: <% @articles.each do |article|%>
    3:    <a href="<%= article_path(article) %>">
    4:         <li><%=article.title%></li>
    5:     </a>
    6: <% end %>
  
app/views/articles/index.html.erb:3
app/views/articles/index.html.erb:2
Started GET "/articles" for 127.0.0.1 at 2023-06-14 03:01:14 +0800
Processing by ArticlesController#index as HTML
  Rendering layout layouts/application.html.erb
  Rendering articles/index.html.erb within layouts/application
  [1m[36mArticle Load (0.3ms)[0m  [1m[34mSELECT "articles".* FROM "articles"[0m
  ↳ app/views/articles/index.html.erb:2
  Rendered articles/index.html.erb within layouts/application (Duration: 3.7ms | Allocations: 802)
  Rendered layout layouts/application.html.erb (Duration: 14.2ms | Allocations: 3627)
Completed 200 OK in 19ms (Views: 17.4ms | ActiveRecord: 0.3ms | Allocations: 4534)


Started GET "/articles" for 127.0.0.1 at 2023-06-14 03:01:56 +0800
Processing by ArticlesController#index as HTML
  Rendering layout layouts/application.html.erb
  Rendering articles/index.html.erb within layouts/application
  [1m[36mArticle Load (0.3ms)[0m  [1m[34mSELECT "articles".* FROM "articles"[0m
  ↳ app/views/articles/index.html.erb:2
  Rendered articles/index.html.erb within layouts/application (Duration: 19.3ms | Allocations: 5041)
  Rendered layout layouts/application.html.erb (Duration: 19.8ms | Allocations: 5126)
Completed 500 Internal Server Error in 25ms (ActiveRecord: 0.3ms | Allocations: 6034)


  
ActionView::Template::Error (undefined method `article_path' for #<ActionView::Base:0x000000000189c0>

@output_buffer.safe_append='    <a href="'.freeze;@output_buffer.append=(article_path(article));@output_buffer.safe_append='">
                                                                         ^^^^^^^^^^^^
Did you mean?  articles_path):
    1: <h1>Hello Rails</h1>
    2: <% @articles.each do |article|%>
    3:     <a href="<%=article_path(article)%>">
    4:         <li><%=article.title%>
    5:     </a>
    6: <% end %>
  
app/views/articles/index.html.erb:3
app/views/articles/index.html.erb:2
Started GET "/articles" for 127.0.0.1 at 2023-06-14 03:02:01 +0800
Processing by ArticlesController#index as HTML
  Rendering layout layouts/application.html.erb
  Rendering articles/index.html.erb within layouts/application
  [1m[36mArticle Load (0.2ms)[0m  [1m[34mSELECT "articles".* FROM "articles"[0m
  ↳ app/views/articles/index.html.erb:2
  Rendered articles/index.html.erb within layouts/application (Duration: 19.7ms | Allocations: 5038)
  Rendered layout layouts/application.html.erb (Duration: 20.2ms | Allocations: 5123)
Completed 500 Internal Server Error in 25ms (ActiveRecord: 0.2ms | Allocations: 6023)


  
ActionView::Template::Error (undefined method `article_path' for #<ActionView::Base:0x00000000018ce0>

@output_buffer.safe_append='    <a href="'.freeze;@output_buffer.append=(article_path(article));@output_buffer.safe_append='">
                                                                         ^^^^^^^^^^^^
Did you mean?  articles_path):
    1: <h1>Hello Rails</h1>
    2: <% @articles.each do |article|%>
    3:     <a href="<%=article_path(article)%>">
    4:         <li><%=article.title%></li>
    5:     </a>
    6: <% end %>
  
app/views/articles/index.html.erb:3
app/views/articles/index.html.erb:2
Started GET "/articles" for 127.0.0.1 at 2023-06-14 03:02:29 +0800
Processing by ArticlesController#index as HTML
  Rendering layout layouts/application.html.erb
  Rendering articles/index.html.erb within layouts/application
  [1m[36mArticle Load (0.3ms)[0m  [1m[34mSELECT "articles".* FROM "articles"[0m
  ↳ app/views/articles/index.html.erb:2
  Rendered articles/index.html.erb within layouts/application (Duration: 19.6ms | Allocations: 5046)
  Rendered layout layouts/application.html.erb (Duration: 20.1ms | Allocations: 5131)
Completed 500 Internal Server Error in 26ms (ActiveRecord: 0.3ms | Allocations: 6031)


  
ActionView::Template::Error (undefined method `article_path' for #<ActionView::Base:0x00000000019000>

@output_buffer.safe_append='      <a href="'.freeze;@output_buffer.append=( article_path(article) );@output_buffer.safe_append='">
                                                                            ^^^^^^^^^^^^
Did you mean?  articles_path):
    1: <h1>Hello Rails</h1>
    2: <% @articles.each do |article|%>
    3:       <a href="<%= article_path(article) %>">
    4:         <%= article.title %>
    5:       </a>
    6: <% end %>
  
app/views/articles/index.html.erb:3
app/views/articles/index.html.erb:2
Started GET "/articles" for 127.0.0.1 at 2023-06-14 03:02:31 +0800
Processing by ArticlesController#index as HTML
  Rendering layout layouts/application.html.erb
  Rendering articles/index.html.erb within layouts/application
  [1m[36mArticle Load (0.4ms)[0m  [1m[34mSELECT "articles".* FROM "articles"[0m
  ↳ app/views/articles/index.html.erb:2
  Rendered articles/index.html.erb within layouts/application (Duration: 25.6ms | Allocations: 4735)
  Rendered layout layouts/application.html.erb (Duration: 26.5ms | Allocations: 4814)
Completed 500 Internal Server Error in 29ms (ActiveRecord: 0.4ms | Allocations: 5083)


  
ActionView::Template::Error (undefined method `article_path' for #<ActionView::Base:0x00000000019320>

@output_buffer.safe_append='      <a href="'.freeze;@output_buffer.append=( article_path(article) );@output_buffer.safe_append='">
                                                                            ^^^^^^^^^^^^
Did you mean?  articles_path):
    1: <h1>Hello Rails</h1>
    2: <% @articles.each do |article|%>
    3:       <a href="<%= article_path(article) %>">
    4:         <%= article.title %>
    5:       </a>
    6: <% end %>
  
app/views/articles/index.html.erb:3
app/views/articles/index.html.erb:2
Started GET "/articles" for 127.0.0.1 at 2023-06-14 03:02:32 +0800
Processing by ArticlesController#index as HTML
  Rendering layout layouts/application.html.erb
  Rendering articles/index.html.erb within layouts/application
  [1m[36mArticle Load (0.2ms)[0m  [1m[34mSELECT "articles".* FROM "articles"[0m
  ↳ app/views/articles/index.html.erb:2
  Rendered articles/index.html.erb within layouts/application (Duration: 22.6ms | Allocations: 4735)
  Rendered layout layouts/application.html.erb (Duration: 23.0ms | Allocations: 4814)
Completed 500 Internal Server Error in 26ms (ActiveRecord: 0.2ms | Allocations: 5060)


  
ActionView::Template::Error (undefined method `article_path' for #<ActionView::Base:0x000000000195f0>

@output_buffer.safe_append='      <a href="'.freeze;@output_buffer.append=( article_path(article) );@output_buffer.safe_append='">
                                                                            ^^^^^^^^^^^^
Did you mean?  articles_path):
    1: <h1>Hello Rails</h1>
    2: <% @articles.each do |article|%>
    3:       <a href="<%= article_path(article) %>">
    4:         <%= article.title %>
    5:       </a>
    6: <% end %>
  
app/views/articles/index.html.erb:3
app/views/articles/index.html.erb:2
Started GET "/articles" for 127.0.0.1 at 2023-06-14 03:02:57 +0800
Processing by ArticlesController#index as HTML
  Rendering layout layouts/application.html.erb
  Rendering articles/index.html.erb within layouts/application
  [1m[36mArticle Load (0.3ms)[0m  [1m[34mSELECT "articles".* FROM "articles"[0m
  ↳ app/views/articles/index.html.erb:2
  Rendered articles/index.html.erb within layouts/application (Duration: 20.1ms | Allocations: 5029)
  Rendered layout layouts/application.html.erb (Duration: 20.6ms | Allocations: 5114)
Completed 500 Internal Server Error in 26ms (ActiveRecord: 0.3ms | Allocations: 5991)


  
ActionView::Template::Error (undefined method `article_path' for #<ActionView::Base:0x000000000198e8>

      <a href="'.freeze;@output_buffer.append=( article_path(article) );@output_buffer.safe_append='">
                                                ^^^^^^^^^^^^
Did you mean?  articles_path):
    1: <h1>Hello Rails</h1>
    2: <% @articles.each do |article| %>
    3:     <li>
    4:       <a href="<%= article_path(article) %>">
    5:         <%= article.title %>
    6:       </a>
    7:     </li>
  
app/views/articles/index.html.erb:4
app/views/articles/index.html.erb:2
Started GET "/articles" for 127.0.0.1 at 2023-06-14 03:03:26 +0800
Processing by ArticlesController#index as HTML
  Rendering layout layouts/application.html.erb
  Rendering articles/index.html.erb within layouts/application
  [1m[36mArticle Load (0.3ms)[0m  [1m[34mSELECT "articles".* FROM "articles"[0m
  ↳ app/views/articles/index.html.erb:2
  Rendered articles/index.html.erb within layouts/application (Duration: 19.9ms | Allocations: 5008)
  Rendered layout layouts/application.html.erb (Duration: 20.5ms | Allocations: 5093)
Completed 500 Internal Server Error in 25ms (ActiveRecord: 0.3ms | Allocations: 5993)


  
ActionView::Template::Error (undefined method `article_path' for #<ActionView::Base:0x00000000019c58>

@output_buffer.safe_append='    <a href="'.freeze;article_path(article);@output_buffer.safe_append='">
                                                  ^^^^^^^^^^^^
Did you mean?  articles_path):
    1: <h1>Hello Rails</h1>
    2: <% @articles.each do |article|%>
    3:     <a href="<%article_path(article)%>">
    4:         <li><%=article.title %></li>
    5:     </a>
    6: <% end %>
  
app/views/articles/index.html.erb:3
app/views/articles/index.html.erb:2
Started GET "/articles" for 127.0.0.1 at 2023-06-14 03:03:40 +0800
Processing by ArticlesController#index as HTML
  Rendering layout layouts/application.html.erb
  Rendering articles/index.html.erb within layouts/application
  [1m[36mArticle Load (0.4ms)[0m  [1m[34mSELECT "articles".* FROM "articles"[0m
  ↳ app/views/articles/index.html.erb:2
  Rendered articles/index.html.erb within layouts/application (Duration: 4.5ms | Allocations: 823)
  Rendered layout layouts/application.html.erb (Duration: 13.5ms | Allocations: 3661)
Completed 200 OK in 19ms (Views: 16.2ms | ActiveRecord: 0.4ms | Allocations: 4591)


Started GET "/articles" for 127.0.0.1 at 2023-06-14 03:04:00 +0800
Processing by ArticlesController#index as HTML
  Rendering layout layouts/application.html.erb
  Rendering articles/index.html.erb within layouts/application
  [1m[36mArticle Load (0.3ms)[0m  [1m[34mSELECT "articles".* FROM "articles"[0m
  ↳ app/views/articles/index.html.erb:2
  Rendered articles/index.html.erb within layouts/application (Duration: 18.7ms | Allocations: 5007)
  Rendered layout layouts/application.html.erb (Duration: 19.2ms | Allocations: 5092)
Completed 500 Internal Server Error in 24ms (ActiveRecord: 0.3ms | Allocations: 6000)


  
ActionView::Template::Error (undefined method `article_path' for #<ActionView::Base:0x00000000019ff0>

@output_buffer.safe_append='    '.freeze;@output_buffer.append=(article_path(article));@output_buffer.safe_append='
                                                                ^^^^^^^^^^^^
Did you mean?  articles_path):
    1: <h1>Hello Rails</h1>
    2: <% @articles.each do |article|%>
    3:     <%=article_path(article)%>
    4: <% end %>
  
app/views/articles/index.html.erb:3
app/views/articles/index.html.erb:2
Started GET "/articles" for 127.0.0.1 at 2023-06-14 03:04:05 +0800
Processing by ArticlesController#index as HTML
  Rendering layout layouts/application.html.erb
  Rendering articles/index.html.erb within layouts/application
  [1m[36mArticle Load (0.3ms)[0m  [1m[34mSELECT "articles".* FROM "articles"[0m
  ↳ app/views/articles/index.html.erb:2
  Rendered articles/index.html.erb within layouts/application (Duration: 5.1ms | Allocations: 918)
  Rendered layout layouts/application.html.erb (Duration: 13.9ms | Allocations: 3761)
Completed 200 OK in 18ms (Views: 16.5ms | ActiveRecord: 0.3ms | Allocations: 4691)


Started GET "/articles" for 127.0.0.1 at 2023-06-14 03:04:12 +0800
Processing by ArticlesController#index as HTML
  Rendering layout layouts/application.html.erb
  Rendering articles/index.html.erb within layouts/application
  [1m[36mArticle Load (0.3ms)[0m  [1m[34mSELECT "articles".* FROM "articles"[0m
  ↳ app/views/articles/index.html.erb:2
  Rendered articles/index.html.erb within layouts/application (Duration: 6.7ms | Allocations: 874)
  Rendered layout layouts/application.html.erb (Duration: 17.0ms | Allocations: 3696)
Completed 200 OK in 22ms (Views: 19.8ms | ActiveRecord: 0.3ms | Allocations: 4634)


Started GET "/articles" for 127.0.0.1 at 2023-06-14 03:04:13 +0800
Processing by ArticlesController#index as HTML
  Rendering layout layouts/application.html.erb
  Rendering articles/index.html.erb within layouts/application
  [1m[36mArticle Load (0.3ms)[0m  [1m[34mSELECT "articles".* FROM "articles"[0m
  ↳ app/views/articles/index.html.erb:2
  Rendered articles/index.html.erb within layouts/application (Duration: 2.7ms | Allocations: 588)
  Rendered layout layouts/application.html.erb (Duration: 9.9ms | Allocations: 2966)
Completed 200 OK in 12ms (Views: 10.8ms | ActiveRecord: 0.3ms | Allocations: 3260)


Started GET "/articles" for 127.0.0.1 at 2023-06-14 03:04:19 +0800
Processing by ArticlesController#index as HTML
  Rendering layout layouts/application.html.erb
  Rendering articles/index.html.erb within layouts/application
  [1m[36mArticle Load (0.3ms)[0m  [1m[34mSELECT "articles".* FROM "articles"[0m
  ↳ app/views/articles/index.html.erb:2
  Rendered articles/index.html.erb within layouts/application (Duration: 7.0ms | Allocations: 921)
  Rendered layout layouts/application.html.erb (Duration: 18.1ms | Allocations: 3722)
Completed 200 OK in 26ms (Views: 22.7ms | ActiveRecord: 0.3ms | Allocations: 4637)


Started GET "/articles" for 127.0.0.1 at 2023-06-14 03:05:38 +0800
Processing by ArticlesController#show as HTML
Completed 404 Not Found in 7ms (ActiveRecord: 1.3ms | Allocations: 1601)


  
ActiveRecord::RecordNotFound (Couldn't find Article without an ID):
  
app/controllers/articles_controller.rb:6:in `show'
Started GET "/articles" for 127.0.0.1 at 2023-06-14 03:06:06 +0800
Processing by ArticlesController#index as HTML
  Rendering layout layouts/application.html.erb
  Rendering articles/index.html.erb within layouts/application
  [1m[36mArticle Load (0.2ms)[0m  [1m[34mSELECT "articles".* FROM "articles"[0m
  ↳ app/views/articles/index.html.erb:3
  Rendered articles/index.html.erb within layouts/application (Duration: 12.4ms | Allocations: 2728)
  Rendered layout layouts/application.html.erb (Duration: 41.8ms | Allocations: 17010)
Completed 200 OK in 49ms (Views: 44.8ms | ActiveRecord: 2.9ms | Allocations: 18674)


Started GET "/articles/1" for 127.0.0.1 at 2023-06-14 03:06:10 +0800
Processing by ArticlesController#show as HTML
  Parameters: {"id"=>"1"}
  [1m[36mArticle Load (0.6ms)[0m  [1m[34mSELECT "articles".* FROM "articles" WHERE "articles"."id" = ? LIMIT ?[0m  [["id", 1], ["LIMIT", 1]]
  ↳ app/controllers/articles_controller.rb:6:in `show'
  Rendering layout layouts/application.html.erb
  Rendering articles/show.html.erb within layouts/application
  Rendered articles/show.html.erb within layouts/application (Duration: 1.8ms | Allocations: 146)
  Rendered layout layouts/application.html.erb (Duration: 16.1ms | Allocations: 2495)
Completed 200 OK in 27ms (Views: 18.0ms | ActiveRecord: 0.6ms | Allocations: 3959)


Started GET "/articles" for 127.0.0.1 at 2023-06-14 03:07:51 +0800
Processing by ArticlesController#index as HTML
  Rendering layout layouts/application.html.erb
  Rendering articles/index.html.erb within layouts/application
  Rendered articles/index.html.erb within layouts/application (Duration: 7.7ms | Allocations: 1094)
  Rendered layout layouts/application.html.erb (Duration: 8.2ms | Allocations: 1183)
Completed 500 Internal Server Error in 16ms (Allocations: 2867)


  
ActionView::SyntaxErrorInTemplate (Encountered a syntax error while rendering template: check <h1>Hello Rails</h1>
<ul>
  <% @articles.each do |article| %>
    <li>
        <%= <%= link_to article.title, article_path(article) %>%>
    </li>
  <% end %>
</ul>

):
1:    <h1>Hello Rails</h1>
2:    <ul>
3:      <% @articles.each do |article| %>
4:        <li>
5:            <%= <%= link_to article.title, article_path(article) %>%>
6:        </li>
7:      <% end %>
8:    </ul>
  
app/views/articles/index.html.erb:5: syntax error, unexpected '<'
app/views/articles/index.html.erb:7: syntax error, unexpected `end', expecting ')'
app/views/articles/index.html.erb:11: syntax error, unexpected `end', expecting ')'
app/views/articles/index.html.erb:5: syntax error, unexpected '<'
app/views/articles/index.html.erb:7: syntax error, unexpected `end', expecting ')'
app/views/articles/index.html.erb:11: syntax error, unexpected `end', expecting ')'
app/views/articles/index.html.erb:5: syntax error, unexpected '<'
app/views/articles/index.html.erb:7: syntax error, unexpected `end', expecting ')'
app/views/articles/index.html.erb:11: syntax error, unexpected `end', expecting ')'
app/views/articles/index.html.erb:5: syntax error, unexpected '<'
app/views/articles/index.html.erb:7: syntax error, unexpected `end', expecting ')'
app/views/articles/index.html.erb:11: syntax error, unexpected `end', expecting ')'
app/views/articles/index.html.erb:5: syntax error, unexpected '<'
app/views/articles/index.html.erb:7: syntax error, unexpected `end', expecting ')'
app/views/articles/index.html.erb:11: syntax error, unexpected `end', expecting ')'
app/views/articles/index.html.erb:5: syntax error, unexpected '<'
app/views/articles/index.html.erb:7: syntax error, unexpected `end', expecting ')'
app/views/articles/index.html.erb:11: syntax error, unexpected `end', expecting ')'
Started GET "/articles" for 127.0.0.1 at 2023-06-14 03:07:55 +0800
Processing by ArticlesController#index as HTML
  Rendering layout layouts/application.html.erb
  Rendering articles/index.html.erb within layouts/application
  Rendered articles/index.html.erb within layouts/application (Duration: 1.9ms | Allocations: 1092)
  Rendered layout layouts/application.html.erb (Duration: 2.5ms | Allocations: 1172)
Completed 500 Internal Server Error in 4ms (Allocations: 1438)


  
ActionView::SyntaxErrorInTemplate (Encountered a syntax error while rendering template: check <h1>Hello Rails</h1>
<ul>
  <% @articles.each do |article| %>
    <li>
        <%= <%= link_to article.title, article_path(article) %>%>
    </li>
  <% end %>
</ul>

):
1:    <h1>Hello Rails</h1>
2:    <ul>
3:      <% @articles.each do |article| %>
4:        <li>
5:            <%= <%= link_to article.title, article_path(article) %>%>
6:        </li>
7:      <% end %>
8:    </ul>
  
app/views/articles/index.html.erb:5: syntax error, unexpected '<'
app/views/articles/index.html.erb:7: syntax error, unexpected `end', expecting ')'
app/views/articles/index.html.erb:11: syntax error, unexpected `end', expecting ')'
app/views/articles/index.html.erb:5: syntax error, unexpected '<'
app/views/articles/index.html.erb:7: syntax error, unexpected `end', expecting ')'
app/views/articles/index.html.erb:11: syntax error, unexpected `end', expecting ')'
app/views/articles/index.html.erb:5: syntax error, unexpected '<'
app/views/articles/index.html.erb:7: syntax error, unexpected `end', expecting ')'
app/views/articles/index.html.erb:11: syntax error, unexpected `end', expecting ')'
app/views/articles/index.html.erb:5: syntax error, unexpected '<'
app/views/articles/index.html.erb:7: syntax error, unexpected `end', expecting ')'
app/views/articles/index.html.erb:11: syntax error, unexpected `end', expecting ')'
app/views/articles/index.html.erb:5: syntax error, unexpected '<'
app/views/articles/index.html.erb:7: syntax error, unexpected `end', expecting ')'
app/views/articles/index.html.erb:11: syntax error, unexpected `end', expecting ')'
app/views/articles/index.html.erb:5: syntax error, unexpected '<'
app/views/articles/index.html.erb:7: syntax error, unexpected `end', expecting ')'
app/views/articles/index.html.erb:11: syntax error, unexpected `end', expecting ')'
Started GET "/articles" for 127.0.0.1 at 2023-06-14 03:08:01 +0800
Processing by ArticlesController#index as HTML
  Rendering layout layouts/application.html.erb
  Rendering articles/index.html.erb within layouts/application
  Rendered articles/index.html.erb within layouts/application (Duration: 2.3ms | Allocations: 1135)
  Rendered layout layouts/application.html.erb (Duration: 2.9ms | Allocations: 1224)
Completed 500 Internal Server Error in 8ms (Allocations: 2104)


  
ActionView::SyntaxErrorInTemplate (Encountered a syntax error while rendering template: check <h1>Hello Rails</h1>
<ul>
  <% @articles.each do |article| %>
    <li>
        <%= <%= link_to article.title, article %>%>
    </li>
  <% end %>
</ul>

):
1:    <h1>Hello Rails</h1>
2:    <ul>
3:      <% @articles.each do |article| %>
4:        <li>
5:            <%= <%= link_to article.title, article %>%>
6:        </li>
7:      <% end %>
8:    </ul>
  
app/views/articles/index.html.erb:5: syntax error, unexpected '<'
app/views/articles/index.html.erb:7: syntax error, unexpected `end', expecting ')'
app/views/articles/index.html.erb:11: syntax error, unexpected `end', expecting ')'
app/views/articles/index.html.erb:5: syntax error, unexpected '<'
app/views/articles/index.html.erb:7: syntax error, unexpected `end', expecting ')'
app/views/articles/index.html.erb:11: syntax error, unexpected `end', expecting ')'
app/views/articles/index.html.erb:5: syntax error, unexpected '<'
app/views/articles/index.html.erb:7: syntax error, unexpected `end', expecting ')'
app/views/articles/index.html.erb:11: syntax error, unexpected `end', expecting ')'
app/views/articles/index.html.erb:5: syntax error, unexpected '<'
app/views/articles/index.html.erb:7: syntax error, unexpected `end', expecting ')'
app/views/articles/index.html.erb:11: syntax error, unexpected `end', expecting ')'
app/views/articles/index.html.erb:5: syntax error, unexpected '<'
app/views/articles/index.html.erb:7: syntax error, unexpected `end', expecting ')'
app/views/articles/index.html.erb:11: syntax error, unexpected `end', expecting ')'
app/views/articles/index.html.erb:5: syntax error, unexpected '<'
app/views/articles/index.html.erb:7: syntax error, unexpected `end', expecting ')'
app/views/articles/index.html.erb:11: syntax error, unexpected `end', expecting ')'
Started GET "/articles" for 127.0.0.1 at 2023-06-14 03:08:16 +0800
Processing by ArticlesController#index as HTML
  Rendering layout layouts/application.html.erb
  Rendering articles/index.html.erb within layouts/application
  Rendered articles/index.html.erb within layouts/application (Duration: 2.4ms | Allocations: 1137)
  Rendered layout layouts/application.html.erb (Duration: 2.9ms | Allocations: 1226)
Completed 500 Internal Server Error in 8ms (Allocations: 2128)


  
ActionView::SyntaxErrorInTemplate (Encountered a syntax error while rendering template: check <h1>Hello Rails</h1>
<ul>
  <% @articles.each do |article| %>
    <li>
        <%= <%= link_to article.title, article %>
    </li>
  <% end %>
</ul>

):
1:    <h1>Hello Rails</h1>
2:    <ul>
3:      <% @articles.each do |article| %>
4:        <li>
5:            <%= <%= link_to article.title, article %>
6:        </li>
7:      <% end %>
8:    </ul>
  
app/views/articles/index.html.erb:5: syntax error, unexpected '<'
app/views/articles/index.html.erb:7: syntax error, unexpected `end', expecting ')'
app/views/articles/index.html.erb:11: syntax error, unexpected `end', expecting ')'
app/views/articles/index.html.erb:5: syntax error, unexpected '<'
app/views/articles/index.html.erb:7: syntax error, unexpected `end', expecting ')'
app/views/articles/index.html.erb:11: syntax error, unexpected `end', expecting ')'
app/views/articles/index.html.erb:5: syntax error, unexpected '<'
app/views/articles/index.html.erb:7: syntax error, unexpected `end', expecting ')'
app/views/articles/index.html.erb:11: syntax error, unexpected `end', expecting ')'
app/views/articles/index.html.erb:5: syntax error, unexpected '<'
app/views/articles/index.html.erb:7: syntax error, unexpected `end', expecting ')'
app/views/articles/index.html.erb:11: syntax error, unexpected `end', expecting ')'
app/views/articles/index.html.erb:5: syntax error, unexpected '<'
app/views/articles/index.html.erb:7: syntax error, unexpected `end', expecting ')'
app/views/articles/index.html.erb:11: syntax error, unexpected `end', expecting ')'
app/views/articles/index.html.erb:5: syntax error, unexpected '<'
app/views/articles/index.html.erb:7: syntax error, unexpected `end', expecting ')'
app/views/articles/index.html.erb:11: syntax error, unexpected `end', expecting ')'
Started GET "/articles" for 127.0.0.1 at 2023-06-14 03:08:26 +0800
Processing by ArticlesController#index as HTML
  Rendering layout layouts/application.html.erb
  Rendering articles/index.html.erb within layouts/application
  [1m[36mArticle Load (0.2ms)[0m  [1m[34mSELECT "articles".* FROM "articles"[0m
  ↳ app/views/articles/index.html.erb:3
  Rendered articles/index.html.erb within layouts/application (Duration: 14.4ms | Allocations: 2809)
  Rendered layout layouts/application.html.erb (Duration: 46.0ms | Allocations: 17085)
Completed 200 OK in 51ms (Views: 48.9ms | ActiveRecord: 2.3ms | Allocations: 18021)


Started GET "/articles" for 127.0.0.1 at 2023-06-14 03:08:36 +0800
Processing by ArticlesController#index as HTML
  Rendering layout layouts/application.html.erb
  Rendering articles/index.html.erb within layouts/application
  [1m[36mArticle Load (0.3ms)[0m  [1m[34mSELECT "articles".* FROM "articles"[0m
  ↳ app/views/articles/index.html.erb:3
  Rendered articles/index.html.erb within layouts/application (Duration: 5.0ms | Allocations: 952)
  Rendered layout layouts/application.html.erb (Duration: 13.4ms | Allocations: 3751)
Completed 200 OK in 19ms (Views: 16.6ms | ActiveRecord: 0.3ms | Allocations: 4691)


Started GET "/articles/1" for 127.0.0.1 at 2023-06-14 03:08:38 +0800
Processing by ArticlesController#show as HTML
  Parameters: {"id"=>"1"}
  [1m[36mArticle Load (0.3ms)[0m  [1m[34mSELECT "articles".* FROM "articles" WHERE "articles"."id" = ? LIMIT ?[0m  [["id", 1], ["LIMIT", 1]]
  ↳ app/controllers/articles_controller.rb:6:in `show'
  Rendering layout layouts/application.html.erb
  Rendering articles/show.html.erb within layouts/application
  Rendered articles/show.html.erb within layouts/application (Duration: 1.0ms | Allocations: 147)
  Rendered layout layouts/application.html.erb (Duration: 8.1ms | Allocations: 2508)
Completed 200 OK in 14ms (Views: 9.2ms | ActiveRecord: 0.3ms | Allocations: 3975)


Started GET "/articles/1" for 127.0.0.1 at 2023-06-14 03:10:52 +0800
Processing by ArticlesController#show as HTML
  Parameters: {"id"=>"1"}
  [1m[36mArticle Load (0.3ms)[0m  [1m[34mSELECT "articles".* FROM "articles" WHERE "articles"."id" = ? LIMIT ?[0m  [["id", 1], ["LIMIT", 1]]
  ↳ app/controllers/articles_controller.rb:6:in `show'
  Rendering layout layouts/application.html.erb
  Rendering articles/show.html.erb within layouts/application
  Rendered articles/show.html.erb within layouts/application (Duration: 2.1ms | Allocations: 182)
  Rendered layout layouts/application.html.erb (Duration: 36.4ms | Allocations: 14378)
Completed 200 OK in 59ms (Views: 40.4ms | ActiveRecord: 2.1ms | Allocations: 18948)


Started GET "/articles" for 127.0.0.1 at 2023-06-14 03:10:54 +0800
Processing by ArticlesController#index as HTML
  Rendering layout layouts/application.html.erb
  Rendering articles/index.html.erb within layouts/application
  [1m[36mArticle Load (0.4ms)[0m  [1m[34mSELECT "articles".* FROM "articles"[0m
  ↳ app/views/articles/index.html.erb:3
  Rendered articles/index.html.erb within layouts/application (Duration: 20.8ms | Allocations: 5036)
  Rendered layout layouts/application.html.erb (Duration: 21.3ms | Allocations: 5115)
Completed 500 Internal Server Error in 23ms (ActiveRecord: 0.4ms | Allocations: 5450)


  
ActionView::Template::Error (undefined method `article_path' for #<ActionView::Base:0x0000000002acd8>

        '.freeze;@output_buffer.append=( link_to article.title, article_path(@article) );@output_buffer.safe_append='
                                                                ^^^^^^^^^^^^
Did you mean?  articles_path):
    2: <ul>
    3:   <% @articles.each do |article| %>
    4:     <li>
    5:         <%= link_to article.title, article_path(@article) %>
    6:     </li>
    7:   <% end %>
    8: </ul>
  
app/views/articles/index.html.erb:5
app/views/articles/index.html.erb:3
Started GET "/articles" for 127.0.0.1 at 2023-06-14 03:11:01 +0800
Processing by ArticlesController#index as HTML
  Rendering layout layouts/application.html.erb
  Rendering articles/index.html.erb within layouts/application
  [1m[36mArticle Load (0.2ms)[0m  [1m[34mSELECT "articles".* FROM "articles"[0m
  ↳ app/views/articles/index.html.erb:3
  Rendered articles/index.html.erb within layouts/application (Duration: 11.7ms | Allocations: 3536)
  Rendered layout layouts/application.html.erb (Duration: 12.2ms | Allocations: 3621)
Completed 500 Internal Server Error in 18ms (ActiveRecord: 1.9ms | Allocations: 4884)


  
ActionView::Template::Error (No route matches {:action=>"show", :controller=>"articles", :id=>nil}, missing required keys: [:id]):
    2: <ul>
    3:   <% @articles.each do |article| %>
    4:     <li>
    5:         <%= link_to article.title, article_path(@article) %>
    6:     </li>
    7:   <% end %>
    8: </ul>
  
app/views/articles/index.html.erb:5
app/views/articles/index.html.erb:3
Started GET "/articles" for 127.0.0.1 at 2023-06-14 03:11:18 +0800
Processing by ArticlesController#index as HTML
  Rendering layout layouts/application.html.erb
  Rendering articles/index.html.erb within layouts/application
  [1m[36mArticle Load (0.3ms)[0m  [1m[34mSELECT "articles".* FROM "articles"[0m
  ↳ app/views/articles/index.html.erb:3
  Rendered articles/index.html.erb within layouts/application (Duration: 5.5ms | Allocations: 956)
  Rendered layout layouts/application.html.erb (Duration: 34.5ms | Allocations: 15221)
Completed 200 OK in 40ms (Views: 37.1ms | ActiveRecord: 0.3ms | Allocations: 16162)


